<?xml version="1.0" encoding="UTF-8"?>
<testsuite xmlns:xsi="http://www.w3.org/2001/XMLSchema-instance" xsi:noNamespaceSchemaLocation="https://maven.apache.org/surefire/maven-surefire-plugin/xsd/surefire-test-report.xsd" name="org.fbertos.services.users.UserServiceTest" time="9.526" tests="3" errors="3" skipped="0" failures="0">
  <properties>
[...]
</properties>
  <testcase name="testGet" classname="org.fbertos.services.users.UserServiceTest" time="0.305">
    <error message="The following parts of the payload were not documented:&#10;{&#10;  &quot;id&quot; : &quot;000000000000000000000000&quot;&#10;}&#10;Fields with the following paths were not found in the payload: [_id]" type="org.springframework.restdocs.snippet.SnippetException">org.springframework.restdocs.snippet.SnippetException: 
The following parts of the payload were not documented:
{
  "id" : "000000000000000000000000"
}
Fields with the following paths were not found in the payload: [_id]
	at org.fbertos.services.users.UserServiceTest.testGet(UserServiceTest.java:58)
</error>
    <system-out><![CDATA[22:33:28.584 [main] DEBUG org.springframework.test.context.junit4.SpringJUnit4ClassRunner - SpringJUnit4ClassRunner constructor called with [class org.fbertos.services.users.UserServiceTest]
22:33:28.593 [main] DEBUG org.springframework.test.context.BootstrapUtils - Instantiating CacheAwareContextLoaderDelegate from class [org.springframework.test.context.cache.DefaultCacheAwareContextLoaderDelegate]
22:33:28.627 [main] DEBUG org.springframework.test.context.BootstrapUtils - Instantiating BootstrapContext using constructor [public org.springframework.test.context.support.DefaultBootstrapContext(java.lang.Class,org.springframework.test.context.CacheAwareContextLoaderDelegate)]
22:33:28.715 [main] DEBUG org.springframework.test.context.BootstrapUtils - Instantiating TestContextBootstrapper for test class [org.fbertos.services.users.UserServiceTest] from class [org.springframework.boot.test.context.SpringBootTestContextBootstrapper]
22:33:28.758 [main] INFO org.springframework.boot.test.context.SpringBootTestContextBootstrapper - Neither @ContextConfiguration nor @ContextHierarchy found for test class [org.fbertos.services.users.UserServiceTest], using SpringBootContextLoader
22:33:28.788 [main] DEBUG org.springframework.test.context.support.AbstractContextLoader - Did not detect default resource location for test class [org.fbertos.services.users.UserServiceTest]: class path resource [org/fbertos/services/users/UserServiceTest-context.xml] does not exist
22:33:28.789 [main] DEBUG org.springframework.test.context.support.AbstractContextLoader - Did not detect default resource location for test class [org.fbertos.services.users.UserServiceTest]: class path resource [org/fbertos/services/users/UserServiceTestContext.groovy] does not exist
22:33:28.789 [main] INFO org.springframework.test.context.support.AbstractContextLoader - Could not detect default resource locations for test class [org.fbertos.services.users.UserServiceTest]: no resource found for suffixes {-context.xml, Context.groovy}.
22:33:28.791 [main] INFO org.springframework.test.context.support.AnnotationConfigContextLoaderUtils - Could not detect default configuration classes for test class [org.fbertos.services.users.UserServiceTest]: UserServiceTest does not declare any static, non-private, non-final, nested classes annotated with @Configuration.
22:33:28.981 [main] DEBUG org.springframework.test.context.support.ActiveProfilesUtils - Could not find an 'annotation declaring class' for annotation type [org.springframework.test.context.ActiveProfiles] and class [org.fbertos.services.users.UserServiceTest]
22:33:29.025 [main] DEBUG org.springframework.core.env.StandardEnvironment - Adding PropertySource 'systemProperties' with lowest search precedence
22:33:29.026 [main] DEBUG org.springframework.core.env.StandardEnvironment - Adding PropertySource 'systemEnvironment' with lowest search precedence
22:33:29.027 [main] DEBUG org.springframework.core.env.StandardEnvironment - Initialized StandardEnvironment with PropertySources [MapPropertySource@1397616978 {name='systemProperties', properties={java.runtime.name=Java(TM) SE Runtime Environment, sun.boot.library.path=/usr/lib/jvm/java-8-oracle/jre/lib/amd64, java.vm.version=25.191-b12, java.vm.vendor=Oracle Corporation, java.vendor.url=http://java.oracle.com/, path.separator=:, java.vm.name=Java HotSpot(TM) 64-Bit Server VM, file.encoding.pkg=sun.io, user.country=ES, sun.java.launcher=SUN_STANDARD, sun.os.patch.level=unknown, java.vm.specification.name=Java Virtual Machine Specification, user.dir=/home/fbertos/workspace/spring-cloud-users, java.runtime.version=1.8.0_191-b12, basedir=/home/fbertos/workspace/spring-cloud-users, java.awt.graphicsenv=sun.awt.X11GraphicsEnvironment, java.endorsed.dirs=/usr/lib/jvm/java-8-oracle/jre/lib/endorsed, os.arch=amd64, surefire.real.class.path=/home/fbertos/workspace/spring-cloud-users/target/surefire/surefirebooter1668550838135236817.jar, java.io.tmpdir=/tmp, line.separator=
, java.vm.specification.vendor=Oracle Corporation, os.name=Linux, sun.jnu.encoding=UTF-8, java.library.path=/usr/java/packages/lib/amd64:/usr/lib64:/lib64:/lib:/usr/lib, surefire.test.class.path=/home/fbertos/workspace/spring-cloud-users/target/test-classes:/home/fbertos/workspace/spring-cloud-users/target/classes:/root/.m2/repository/org/springframework/cloud/spring-cloud-starter-netflix-eureka-server/2.0.1.RELEASE/spring-cloud-starter-netflix-eureka-server-2.0.1.RELEASE.jar:/root/.m2/repository/org/springframework/cloud/spring-cloud-starter/2.0.1.RELEASE/spring-cloud-starter-2.0.1.RELEASE.jar:/root/.m2/repository/org/springframework/cloud/spring-cloud-context/2.0.1.RELEASE/spring-cloud-context-2.0.1.RELEASE.jar:/root/.m2/repository/org/springframework/security/spring-security-crypto/5.0.8.RELEASE/spring-security-crypto-5.0.8.RELEASE.jar:/root/.m2/repository/org/springframework/cloud/spring-cloud-commons/2.0.1.RELEASE/spring-cloud-commons-2.0.1.RELEASE.jar:/root/.m2/repository/org/springframework/security/spring-security-rsa/1.0.5.RELEASE/spring-security-rsa-1.0.5.RELEASE.jar:/root/.m2/repository/org/bouncycastle/bcpkix-jdk15on/1.56/bcpkix-jdk15on-1.56.jar:/root/.m2/repository/org/bouncycastle/bcprov-jdk15on/1.56/bcprov-jdk15on-1.56.jar:/root/.m2/repository/org/springframework/cloud/spring-cloud-netflix-eureka-server/2.0.1.RELEASE/spring-cloud-netflix-eureka-server-2.0.1.RELEASE.jar:/root/.m2/repository/org/springframework/boot/spring-boot-starter-web/2.0.5.RELEASE/spring-boot-starter-web-2.0.5.RELEASE.jar:/root/.m2/repository/org/springframework/boot/spring-boot-starter-json/2.0.5.RELEASE/spring-boot-starter-json-2.0.5.RELEASE.jar:/root/.m2/repository/com/fasterxml/jackson/datatype/jackson-datatype-jdk8/2.9.6/jackson-datatype-jdk8-2.9.6.jar:/root/.m2/repository/com/fasterxml/jackson/datatype/jackson-datatype-jsr310/2.9.6/jackson-datatype-jsr310-2.9.6.jar:/root/.m2/repository/com/fasterxml/jackson/module/jackson-module-parameter-names/2.9.6/jackson-module-parameter-names-2.9.6.jar:/root/.m2/repository/org/springframework/boot/spring-boot-starter-tomcat/2.0.5.RELEASE/spring-boot-starter-tomcat-2.0.5.RELEASE.jar:/root/.m2/repository/org/apache/tomcat/embed/tomcat-embed-core/8.5.34/tomcat-embed-core-8.5.34.jar:/root/.m2/repository/org/apache/tomcat/embed/tomcat-embed-el/8.5.34/tomcat-embed-el-8.5.34.jar:/root/.m2/repository/org/apache/tomcat/embed/tomcat-embed-websocket/8.5.34/tomcat-embed-websocket-8.5.34.jar:/root/.m2/repository/org/hibernate/validator/hibernate-validator/6.0.12.Final/hibernate-validator-6.0.12.Final.jar:/root/.m2/repository/javax/validation/validation-api/2.0.1.Final/validation-api-2.0.1.Final.jar:/root/.m2/repository/org/jboss/logging/jboss-logging/3.3.2.Final/jboss-logging-3.3.2.Final.jar:/root/.m2/repository/com/fasterxml/classmate/1.3.4/classmate-1.3.4.jar:/root/.m2/repository/org/springframework/boot/spring-boot-starter-actuator/2.0.5.RELEASE/spring-boot-starter-actuator-2.0.5.RELEASE.jar:/root/.m2/repository/org/springframework/boot/spring-boot-actuator-autoconfigure/2.0.5.RELEASE/spring-boot-actuator-autoconfigure-2.0.5.RELEASE.jar:/root/.m2/repository/org/springframework/boot/spring-boot-actuator/2.0.5.RELEASE/spring-boot-actuator-2.0.5.RELEASE.jar:/root/.m2/repository/io/micrometer/micrometer-core/1.0.6/micrometer-core-1.0.6.jar:/root/.m2/repository/org/hdrhistogram/HdrHistogram/2.1.10/HdrHistogram-2.1.10.jar:/root/.m2/repository/org/latencyutils/LatencyUtils/2.0.3/LatencyUtils-2.0.3.jar:/root/.m2/repository/org/springframework/boot/spring-boot-starter-freemarker/2.0.5.RELEASE/spring-boot-starter-freemarker-2.0.5.RELEASE.jar:/root/.m2/repository/org/freemarker/freemarker/2.3.28/freemarker-2.3.28.jar:/root/.m2/repository/org/springframework/spring-context-support/5.0.9.RELEASE/spring-context-support-5.0.9.RELEASE.jar:/root/.m2/repository/org/springframework/cloud/spring-cloud-netflix-core/2.0.1.RELEASE/spring-cloud-netflix-core-2.0.1.RELEASE.jar:/root/.m2/repository/org/springframework/boot/spring-boot-starter-aop/2.0.5.RELEASE/spring-boot-starter-aop-2.0.5.RELEASE.jar:/root/.m2/repository/org/aspectj/aspectjweaver/1.8.13/aspectjweaver-1.8.13.jar:/root/.m2/repository/org/springframework/cloud/spring-cloud-netflix-eureka-client/2.0.1.RELEASE/spring-cloud-netflix-eureka-client-2.0.1.RELEASE.jar:/root/.m2/repository/com/netflix/eureka/eureka-client/1.9.3/eureka-client-1.9.3.jar:/root/.m2/repository/org/codehaus/jettison/jettison/1.3.7/jettison-1.3.7.jar:/root/.m2/repository/stax/stax-api/1.0.1/stax-api-1.0.1.jar:/root/.m2/repository/com/netflix/netflix-commons/netflix-eventbus/0.3.0/netflix-eventbus-0.3.0.jar:/root/.m2/repository/com/netflix/netflix-commons/netflix-infix/0.3.0/netflix-infix-0.3.0.jar:/root/.m2/repository/commons-jxpath/commons-jxpath/1.3/commons-jxpath-1.3.jar:/root/.m2/repository/joda-time/joda-time/2.9.9/joda-time-2.9.9.jar:/root/.m2/repository/org/antlr/antlr-runtime/3.4/antlr-runtime-3.4.jar:/root/.m2/repository/org/antlr/stringtemplate/3.2.1/stringtemplate-3.2.1.jar:/root/.m2/repository/antlr/antlr/2.7.7/antlr-2.7.7.jar:/root/.m2/repository/com/google/code/gson/gson/2.8.5/gson-2.8.5.jar:/root/.m2/repository/org/apache/commons/commons-math/2.2/commons-math-2.2.jar:/root/.m2/repository/javax/ws/rs/jsr311-api/1.1.1/jsr311-api-1.1.1.jar:/root/.m2/repository/com/netflix/servo/servo-core/0.12.21/servo-core-0.12.21.jar:/root/.m2/repository/com/sun/jersey/jersey-core/1.19.1/jersey-core-1.19.1.jar:/root/.m2/repository/com/sun/jersey/jersey-client/1.19.1/jersey-client-1.19.1.jar:/root/.m2/repository/com/sun/jersey/contribs/jersey-apache-client4/1.19.1/jersey-apache-client4-1.19.1.jar:/root/.m2/repository/org/apache/httpcomponents/httpclient/4.5.6/httpclient-4.5.6.jar:/root/.m2/repository/org/apache/httpcomponents/httpcore/4.4.10/httpcore-4.4.10.jar:/root/.m2/repository/commons-codec/commons-codec/1.11/commons-codec-1.11.jar:/root/.m2/repository/com/google/inject/guice/4.1.0/guice-4.1.0.jar:/root/.m2/repository/aopalliance/aopalliance/1.0/aopalliance-1.0.jar:/root/.m2/repository/com/github/vlsi/compactmap/compactmap/1.2.1/compactmap-1.2.1.jar:/root/.m2/repository/com/github/andrewoma/dexx/dexx-collections/0.2/dexx-collections-0.2.jar:/root/.m2/repository/com/fasterxml/jackson/core/jackson-annotations/2.9.0/jackson-annotations-2.9.0.jar:/root/.m2/repository/com/fasterxml/jackson/core/jackson-core/2.9.6/jackson-core-2.9.6.jar:/root/.m2/repository/com/sun/jersey/jersey-servlet/1.19.1/jersey-servlet-1.19.1.jar:/root/.m2/repository/com/sun/jersey/jersey-server/1.19.1/jersey-server-1.19.1.jar:/root/.m2/repository/com/netflix/eureka/eureka-core/1.9.3/eureka-core-1.9.3.jar:/root/.m2/repository/org/codehaus/woodstox/woodstox-core-asl/4.4.1/woodstox-core-asl-4.4.1.jar:/root/.m2/repository/javax/xml/stream/stax-api/1.0-2/stax-api-1.0-2.jar:/root/.m2/repository/com/netflix/archaius/archaius-core/0.7.6/archaius-core-0.7.6.jar:/root/.m2/repository/com/google/code/findbugs/jsr305/3.0.1/jsr305-3.0.1.jar:/root/.m2/repository/com/google/guava/guava/16.0/guava-16.0.jar:/root/.m2/repository/javax/inject/javax.inject/1/javax.inject-1.jar:/root/.m2/repository/com/fasterxml/jackson/dataformat/jackson-dataformat-xml/2.9.6/jackson-dataformat-xml-2.9.6.jar:/root/.m2/repository/com/fasterxml/jackson/module/jackson-module-jaxb-annotations/2.9.6/jackson-module-jaxb-annotations-2.9.6.jar:/root/.m2/repository/org/codehaus/woodstox/stax2-api/3.1.4/stax2-api-3.1.4.jar:/root/.m2/repository/com/fasterxml/woodstox/woodstox-core/5.0.3/woodstox-core-5.0.3.jar:/root/.m2/repository/com/thoughtworks/xstream/xstream/1.4.10/xstream-1.4.10.jar:/root/.m2/repository/xmlpull/xmlpull/1.1.3.1/xmlpull-1.1.3.1.jar:/root/.m2/repository/xpp3/xpp3_min/1.1.4c/xpp3_min-1.1.4c.jar:/root/.m2/repository/org/springframework/cloud/spring-cloud-starter-netflix-archaius/2.0.1.RELEASE/spring-cloud-starter-netflix-archaius-2.0.1.RELEASE.jar:/root/.m2/repository/org/springframework/cloud/spring-cloud-netflix-ribbon/2.0.1.RELEASE/spring-cloud-netflix-ribbon-2.0.1.RELEASE.jar:/root/.m2/repository/org/springframework/cloud/spring-cloud-netflix-archaius/2.0.1.RELEASE/spring-cloud-netflix-archaius-2.0.1.RELEASE.jar:/root/.m2/repository/commons-configuration/commons-configuration/1.8/commons-configuration-1.8.jar:/root/.m2/repository/commons-lang/commons-lang/2.6/commons-lang-2.6.jar:/root/.m2/repository/org/springframework/cloud/spring-cloud-starter-netflix-ribbon/2.0.1.RELEASE/spring-cloud-starter-netflix-ribbon-2.0.1.RELEASE.jar:/root/.m2/repository/com/netflix/ribbon/ribbon/2.2.5/ribbon-2.2.5.jar:/root/.m2/repository/com/netflix/ribbon/ribbon-transport/2.2.5/ribbon-transport-2.2.5.jar:/root/.m2/repository/io/reactivex/rxnetty-contexts/0.4.9/rxnetty-contexts-0.4.9.jar:/root/.m2/repository/io/reactivex/rxnetty-servo/0.4.9/rxnetty-servo-0.4.9.jar:/root/.m2/repository/com/netflix/hystrix/hystrix-core/1.5.12/hystrix-core-1.5.12.jar:/root/.m2/repository/io/reactivex/rxnetty/0.4.9/rxnetty-0.4.9.jar:/root/.m2/repository/io/netty/netty-codec-http/4.1.29.Final/netty-codec-http-4.1.29.Final.jar:/root/.m2/repository/io/netty/netty-codec/4.1.29.Final/netty-codec-4.1.29.Final.jar:/root/.m2/repository/io/netty/netty-transport-native-epoll/4.1.29.Final/netty-transport-native-epoll-4.1.29.Final.jar:/root/.m2/repository/io/netty/netty-common/4.1.29.Final/netty-common-4.1.29.Final.jar:/root/.m2/repository/io/netty/netty-buffer/4.1.29.Final/netty-buffer-4.1.29.Final.jar:/root/.m2/repository/io/netty/netty-transport-native-unix-common/4.1.29.Final/netty-transport-native-unix-common-4.1.29.Final.jar:/root/.m2/repository/io/netty/netty-transport/4.1.29.Final/netty-transport-4.1.29.Final.jar:/root/.m2/repository/io/netty/netty-resolver/4.1.29.Final/netty-resolver-4.1.29.Final.jar:/root/.m2/repository/com/netflix/ribbon/ribbon-core/2.2.5/ribbon-core-2.2.5.jar:/root/.m2/repository/com/netflix/ribbon/ribbon-httpclient/2.2.5/ribbon-httpclient-2.2.5.jar:/root/.m2/repository/commons-collections/commons-collections/3.2.2/commons-collections-3.2.2.jar:/root/.m2/repository/com/netflix/netflix-commons/netflix-commons-util/0.3.0/netflix-commons-util-0.3.0.jar:/root/.m2/repository/com/netflix/ribbon/ribbon-loadbalancer/2.2.5/ribbon-loadbalancer-2.2.5.jar:/root/.m2/repository/com/netflix/netflix-commons/netflix-statistics/0.1.1/netflix-statistics-0.1.1.jar:/root/.m2/repository/io/reactivex/rxjava/1.3.8/rxjava-1.3.8.jar:/root/.m2/repository/com/netflix/ribbon/ribbon-eureka/2.2.5/ribbon-eureka-2.2.5.jar:/root/.m2/repository/org/slf4j/slf4j-api/1.7.25/slf4j-api-1.7.25.jar:/root/.m2/repository/org/springframework/boot/spring-boot-starter-data-mongodb/2.0.5.RELEASE/spring-boot-starter-data-mongodb-2.0.5.RELEASE.jar:/root/.m2/repository/org/springframework/boot/spring-boot-starter/2.0.5.RELEASE/spring-boot-starter-2.0.5.RELEASE.jar:/root/.m2/repository/org/springframework/boot/spring-boot/2.0.5.RELEASE/spring-boot-2.0.5.RELEASE.jar:/root/.m2/repository/org/springframework/boot/spring-boot-autoconfigure/2.0.5.RELEASE/spring-boot-autoconfigure-2.0.5.RELEASE.jar:/root/.m2/repository/org/springframework/boot/spring-boot-starter-logging/2.0.5.RELEASE/spring-boot-starter-logging-2.0.5.RELEASE.jar:/root/.m2/repository/ch/qos/logback/logback-classic/1.2.3/logback-classic-1.2.3.jar:/root/.m2/repository/ch/qos/logback/logback-core/1.2.3/logback-core-1.2.3.jar:/root/.m2/repository/org/apache/logging/log4j/log4j-to-slf4j/2.10.0/log4j-to-slf4j-2.10.0.jar:/root/.m2/repository/org/apache/logging/log4j/log4j-api/2.10.0/log4j-api-2.10.0.jar:/root/.m2/repository/org/slf4j/jul-to-slf4j/1.7.25/jul-to-slf4j-1.7.25.jar:/root/.m2/repository/javax/annotation/javax.annotation-api/1.3.2/javax.annotation-api-1.3.2.jar:/root/.m2/repository/org/yaml/snakeyaml/1.19/snakeyaml-1.19.jar:/root/.m2/repository/org/mongodb/mongodb-driver/3.6.4/mongodb-driver-3.6.4.jar:/root/.m2/repository/org/mongodb/bson/3.6.4/bson-3.6.4.jar:/root/.m2/repository/org/mongodb/mongodb-driver-core/3.6.4/mongodb-driver-core-3.6.4.jar:/root/.m2/repository/org/springframework/data/spring-data-mongodb/2.0.10.RELEASE/spring-data-mongodb-2.0.10.RELEASE.jar:/root/.m2/repository/org/springframework/spring-tx/5.0.9.RELEASE/spring-tx-5.0.9.RELEASE.jar:/root/.m2/repository/org/springframework/spring-context/5.0.9.RELEASE/spring-context-5.0.9.RELEASE.jar:/root/.m2/repository/org/springframework/spring-beans/5.0.9.RELEASE/spring-beans-5.0.9.RELEASE.jar:/root/.m2/repository/org/springframework/spring-expression/5.0.9.RELEASE/spring-expression-5.0.9.RELEASE.jar:/root/.m2/repository/org/springframework/data/spring-data-commons/2.0.10.RELEASE/spring-data-commons-2.0.10.RELEASE.jar:/root/.m2/repository/junit/junit/4.12/junit-4.12.jar:/root/.m2/repository/org/hamcrest/hamcrest-core/1.3/hamcrest-core-1.3.jar:/root/.m2/repository/org/springframework/boot/spring-boot-starter-test/2.0.5.RELEASE/spring-boot-starter-test-2.0.5.RELEASE.jar:/root/.m2/repository/org/springframework/boot/spring-boot-test/2.0.5.RELEASE/spring-boot-test-2.0.5.RELEASE.jar:/root/.m2/repository/org/springframework/boot/spring-boot-test-autoconfigure/2.0.5.RELEASE/spring-boot-test-autoconfigure-2.0.5.RELEASE.jar:/root/.m2/repository/com/jayway/jsonpath/json-path/2.4.0/json-path-2.4.0.jar:/root/.m2/repository/net/minidev/json-smart/2.3/json-smart-2.3.jar:/root/.m2/repository/net/minidev/accessors-smart/1.2/accessors-smart-1.2.jar:/root/.m2/repository/org/ow2/asm/asm/5.0.4/asm-5.0.4.jar:/root/.m2/repository/org/assertj/assertj-core/3.9.1/assertj-core-3.9.1.jar:/root/.m2/repository/org/mockito/mockito-core/2.15.0/mockito-core-2.15.0.jar:/root/.m2/repository/net/bytebuddy/byte-buddy/1.7.11/byte-buddy-1.7.11.jar:/root/.m2/repository/net/bytebuddy/byte-buddy-agent/1.7.11/byte-buddy-agent-1.7.11.jar:/root/.m2/repository/org/objenesis/objenesis/2.6/objenesis-2.6.jar:/root/.m2/repository/org/hamcrest/hamcrest-library/1.3/hamcrest-library-1.3.jar:/root/.m2/repository/org/skyscreamer/jsonassert/1.5.0/jsonassert-1.5.0.jar:/root/.m2/repository/com/vaadin/external/google/android-json/0.0.20131108.vaadin1/android-json-0.0.20131108.vaadin1.jar:/root/.m2/repository/org/springframework/spring-core/5.0.9.RELEASE/spring-core-5.0.9.RELEASE.jar:/root/.m2/repository/org/springframework/spring-jcl/5.0.9.RELEASE/spring-jcl-5.0.9.RELEASE.jar:/root/.m2/repository/org/springframework/spring-test/5.0.9.RELEASE/spring-test-5.0.9.RELEASE.jar:/root/.m2/repository/org/xmlunit/xmlunit-core/2.5.1/xmlunit-core-2.5.1.jar:/root/.m2/repository/org/springframework/restdocs/spring-restdocs-mockmvc/2.0.2.RELEASE/spring-restdocs-mockmvc-2.0.2.RELEASE.jar:/root/.m2/repository/javax/servlet/javax.servlet-api/3.1.0/javax.servlet-api-3.1.0.jar:/root/.m2/repository/org/springframework/restdocs/spring-restdocs-core/2.0.2.RELEASE/spring-restdocs-core-2.0.2.RELEASE.jar:/root/.m2/repository/com/fasterxml/jackson/core/jackson-databind/2.9.6/jackson-databind-2.9.6.jar:/root/.m2/repository/org/springframework/spring-web/5.0.9.RELEASE/spring-web-5.0.9.RELEASE.jar:/root/.m2/repository/org/springframework/spring-webmvc/5.0.9.RELEASE/spring-webmvc-5.0.9.RELEASE.jar:/root/.m2/repository/org/springframework/spring-aop/5.0.9.RELEASE/spring-aop-5.0.9.RELEASE.jar:, java.specification.name=Java Platform API Specification, java.class.version=52.0, sun.management.compiler=HotSpot 64-Bit Tiered Compilers, os.version=4.15.0-39-generic, user.home=/root, user.timezone=Europe/Madrid, java.awt.printerjob=sun.print.PSPrinterJob, file.encoding=UTF-8, java.specification.version=1.8, java.class.path=/home/fbertos/workspace/spring-cloud-users/target/test-classes:/home/fbertos/workspace/spring-cloud-users/target/classes:/root/.m2/repository/org/springframework/cloud/spring-cloud-starter-netflix-eureka-server/2.0.1.RELEASE/spring-cloud-starter-netflix-eureka-server-2.0.1.RELEASE.jar:/root/.m2/repository/org/springframework/cloud/spring-cloud-starter/2.0.1.RELEASE/spring-cloud-starter-2.0.1.RELEASE.jar:/root/.m2/repository/org/springframework/cloud/spring-cloud-context/2.0.1.RELEASE/spring-cloud-context-2.0.1.RELEASE.jar:/root/.m2/repository/org/springframework/security/spring-security-crypto/5.0.8.RELEASE/spring-security-crypto-5.0.8.RELEASE.jar:/root/.m2/repository/org/springframework/cloud/spring-cloud-commons/2.0.1.RELEASE/spring-cloud-commons-2.0.1.RELEASE.jar:/root/.m2/repository/org/springframework/security/spring-security-rsa/1.0.5.RELEASE/spring-security-rsa-1.0.5.RELEASE.jar:/root/.m2/repository/org/bouncycastle/bcpkix-jdk15on/1.56/bcpkix-jdk15on-1.56.jar:/root/.m2/repository/org/bouncycastle/bcprov-jdk15on/1.56/bcprov-jdk15on-1.56.jar:/root/.m2/repository/org/springframework/cloud/spring-cloud-netflix-eureka-server/2.0.1.RELEASE/spring-cloud-netflix-eureka-server-2.0.1.RELEASE.jar:/root/.m2/repository/org/springframework/boot/spring-boot-starter-web/2.0.5.RELEASE/spring-boot-starter-web-2.0.5.RELEASE.jar:/root/.m2/repository/org/springframework/boot/spring-boot-starter-json/2.0.5.RELEASE/spring-boot-starter-json-2.0.5.RELEASE.jar:/root/.m2/repository/com/fasterxml/jackson/datatype/jackson-datatype-jdk8/2.9.6/jackson-datatype-jdk8-2.9.6.jar:/root/.m2/repository/com/fasterxml/jackson/datatype/jackson-datatype-jsr310/2.9.6/jackson-datatype-jsr310-2.9.6.jar:/root/.m2/repository/com/fasterxml/jackson/module/jackson-module-parameter-names/2.9.6/jackson-module-parameter-names-2.9.6.jar:/root/.m2/repository/org/springframework/boot/spring-boot-starter-tomcat/2.0.5.RELEASE/spring-boot-starter-tomcat-2.0.5.RELEASE.jar:/root/.m2/repository/org/apache/tomcat/embed/tomcat-embed-core/8.5.34/tomcat-embed-core-8.5.34.jar:/root/.m2/repository/org/apache/tomcat/embed/tomcat-embed-el/8.5.34/tomcat-embed-el-8.5.34.jar:/root/.m2/repository/org/apache/tomcat/embed/tomcat-embed-websocket/8.5.34/tomcat-embed-websocket-8.5.34.jar:/root/.m2/repository/org/hibernate/validator/hibernate-validator/6.0.12.Final/hibernate-validator-6.0.12.Final.jar:/root/.m2/repository/javax/validation/validation-api/2.0.1.Final/validation-api-2.0.1.Final.jar:/root/.m2/repository/org/jboss/logging/jboss-logging/3.3.2.Final/jboss-logging-3.3.2.Final.jar:/root/.m2/repository/com/fasterxml/classmate/1.3.4/classmate-1.3.4.jar:/root/.m2/repository/org/springframework/boot/spring-boot-starter-actuator/2.0.5.RELEASE/spring-boot-starter-actuator-2.0.5.RELEASE.jar:/root/.m2/repository/org/springframework/boot/spring-boot-actuator-autoconfigure/2.0.5.RELEASE/spring-boot-actuator-autoconfigure-2.0.5.RELEASE.jar:/root/.m2/repository/org/springframework/boot/spring-boot-actuator/2.0.5.RELEASE/spring-boot-actuator-2.0.5.RELEASE.jar:/root/.m2/repository/io/micrometer/micrometer-core/1.0.6/micrometer-core-1.0.6.jar:/root/.m2/repository/org/hdrhistogram/HdrHistogram/2.1.10/HdrHistogram-2.1.10.jar:/root/.m2/repository/org/latencyutils/LatencyUtils/2.0.3/LatencyUtils-2.0.3.jar:/root/.m2/repository/org/springframework/boot/spring-boot-starter-freemarker/2.0.5.RELEASE/spring-boot-starter-freemarker-2.0.5.RELEASE.jar:/root/.m2/repository/org/freemarker/freemarker/2.3.28/freemarker-2.3.28.jar:/root/.m2/repository/org/springframework/spring-context-support/5.0.9.RELEASE/spring-context-support-5.0.9.RELEASE.jar:/root/.m2/repository/org/springframework/cloud/spring-cloud-netflix-core/2.0.1.RELEASE/spring-cloud-netflix-core-2.0.1.RELEASE.jar:/root/.m2/repository/org/springframework/boot/spring-boot-starter-aop/2.0.5.RELEASE/spring-boot-starter-aop-2.0.5.RELEASE.jar:/root/.m2/repository/org/aspectj/aspectjweaver/1.8.13/aspectjweaver-1.8.13.jar:/root/.m2/repository/org/springframework/cloud/spring-cloud-netflix-eureka-client/2.0.1.RELEASE/spring-cloud-netflix-eureka-client-2.0.1.RELEASE.jar:/root/.m2/repository/com/netflix/eureka/eureka-client/1.9.3/eureka-client-1.9.3.jar:/root/.m2/repository/org/codehaus/jettison/jettison/1.3.7/jettison-1.3.7.jar:/root/.m2/repository/stax/stax-api/1.0.1/stax-api-1.0.1.jar:/root/.m2/repository/com/netflix/netflix-commons/netflix-eventbus/0.3.0/netflix-eventbus-0.3.0.jar:/root/.m2/repository/com/netflix/netflix-commons/netflix-infix/0.3.0/netflix-infix-0.3.0.jar:/root/.m2/repository/commons-jxpath/commons-jxpath/1.3/commons-jxpath-1.3.jar:/root/.m2/repository/joda-time/joda-time/2.9.9/joda-time-2.9.9.jar:/root/.m2/repository/org/antlr/antlr-runtime/3.4/antlr-runtime-3.4.jar:/root/.m2/repository/org/antlr/stringtemplate/3.2.1/stringtemplate-3.2.1.jar:/root/.m2/repository/antlr/antlr/2.7.7/antlr-2.7.7.jar:/root/.m2/repository/com/google/code/gson/gson/2.8.5/gson-2.8.5.jar:/root/.m2/repository/org/apache/commons/commons-math/2.2/commons-math-2.2.jar:/root/.m2/repository/javax/ws/rs/jsr311-api/1.1.1/jsr311-api-1.1.1.jar:/root/.m2/repository/com/netflix/servo/servo-core/0.12.21/servo-core-0.12.21.jar:/root/.m2/repository/com/sun/jersey/jersey-core/1.19.1/jersey-core-1.19.1.jar:/root/.m2/repository/com/sun/jersey/jersey-client/1.19.1/jersey-client-1.19.1.jar:/root/.m2/repository/com/sun/jersey/contribs/jersey-apache-client4/1.19.1/jersey-apache-client4-1.19.1.jar:/root/.m2/repository/org/apache/httpcomponents/httpclient/4.5.6/httpclient-4.5.6.jar:/root/.m2/repository/org/apache/httpcomponents/httpcore/4.4.10/httpcore-4.4.10.jar:/root/.m2/repository/commons-codec/commons-codec/1.11/commons-codec-1.11.jar:/root/.m2/repository/com/google/inject/guice/4.1.0/guice-4.1.0.jar:/root/.m2/repository/aopalliance/aopalliance/1.0/aopalliance-1.0.jar:/root/.m2/repository/com/github/vlsi/compactmap/compactmap/1.2.1/compactmap-1.2.1.jar:/root/.m2/repository/com/github/andrewoma/dexx/dexx-collections/0.2/dexx-collections-0.2.jar:/root/.m2/repository/com/fasterxml/jackson/core/jackson-annotations/2.9.0/jackson-annotations-2.9.0.jar:/root/.m2/repository/com/fasterxml/jackson/core/jackson-core/2.9.6/jackson-core-2.9.6.jar:/root/.m2/repository/com/sun/jersey/jersey-servlet/1.19.1/jersey-servlet-1.19.1.jar:/root/.m2/repository/com/sun/jersey/jersey-server/1.19.1/jersey-server-1.19.1.jar:/root/.m2/repository/com/netflix/eureka/eureka-core/1.9.3/eureka-core-1.9.3.jar:/root/.m2/repository/org/codehaus/woodstox/woodstox-core-asl/4.4.1/woodstox-core-asl-4.4.1.jar:/root/.m2/repository/javax/xml/stream/stax-api/1.0-2/stax-api-1.0-2.jar:/root/.m2/repository/com/netflix/archaius/archaius-core/0.7.6/archaius-core-0.7.6.jar:/root/.m2/repository/com/google/code/findbugs/jsr305/3.0.1/jsr305-3.0.1.jar:/root/.m2/repository/com/google/guava/guava/16.0/guava-16.0.jar:/root/.m2/repository/javax/inject/javax.inject/1/javax.inject-1.jar:/root/.m2/repository/com/fasterxml/jackson/dataformat/jackson-dataformat-xml/2.9.6/jackson-dataformat-xml-2.9.6.jar:/root/.m2/repository/com/fasterxml/jackson/module/jackson-module-jaxb-annotations/2.9.6/jackson-module-jaxb-annotations-2.9.6.jar:/root/.m2/repository/org/codehaus/woodstox/stax2-api/3.1.4/stax2-api-3.1.4.jar:/root/.m2/repository/com/fasterxml/woodstox/woodstox-core/5.0.3/woodstox-core-5.0.3.jar:/root/.m2/repository/com/thoughtworks/xstream/xstream/1.4.10/xstream-1.4.10.jar:/root/.m2/repository/xmlpull/xmlpull/1.1.3.1/xmlpull-1.1.3.1.jar:/root/.m2/repository/xpp3/xpp3_min/1.1.4c/xpp3_min-1.1.4c.jar:/root/.m2/repository/org/springframework/cloud/spring-cloud-starter-netflix-archaius/2.0.1.RELEASE/spring-cloud-starter-netflix-archaius-2.0.1.RELEASE.jar:/root/.m2/repository/org/springframework/cloud/spring-cloud-netflix-ribbon/2.0.1.RELEASE/spring-cloud-netflix-ribbon-2.0.1.RELEASE.jar:/root/.m2/repository/org/springframework/cloud/spring-cloud-netflix-archaius/2.0.1.RELEASE/spring-cloud-netflix-archaius-2.0.1.RELEASE.jar:/root/.m2/repository/commons-configuration/commons-configuration/1.8/commons-configuration-1.8.jar:/root/.m2/repository/commons-lang/commons-lang/2.6/commons-lang-2.6.jar:/root/.m2/repository/org/springframework/cloud/spring-cloud-starter-netflix-ribbon/2.0.1.RELEASE/spring-cloud-starter-netflix-ribbon-2.0.1.RELEASE.jar:/root/.m2/repository/com/netflix/ribbon/ribbon/2.2.5/ribbon-2.2.5.jar:/root/.m2/repository/com/netflix/ribbon/ribbon-transport/2.2.5/ribbon-transport-2.2.5.jar:/root/.m2/repository/io/reactivex/rxnetty-contexts/0.4.9/rxnetty-contexts-0.4.9.jar:/root/.m2/repository/io/reactivex/rxnetty-servo/0.4.9/rxnetty-servo-0.4.9.jar:/root/.m2/repository/com/netflix/hystrix/hystrix-core/1.5.12/hystrix-core-1.5.12.jar:/root/.m2/repository/io/reactivex/rxnetty/0.4.9/rxnetty-0.4.9.jar:/root/.m2/repository/io/netty/netty-codec-http/4.1.29.Final/netty-codec-http-4.1.29.Final.jar:/root/.m2/repository/io/netty/netty-codec/4.1.29.Final/netty-codec-4.1.29.Final.jar:/root/.m2/repository/io/netty/netty-transport-native-epoll/4.1.29.Final/netty-transport-native-epoll-4.1.29.Final.jar:/root/.m2/repository/io/netty/netty-common/4.1.29.Final/netty-common-4.1.29.Final.jar:/root/.m2/repository/io/netty/netty-buffer/4.1.29.Final/netty-buffer-4.1.29.Final.jar:/root/.m2/repository/io/netty/netty-transport-native-unix-common/4.1.29.Final/netty-transport-native-unix-common-4.1.29.Final.jar:/root/.m2/repository/io/netty/netty-transport/4.1.29.Final/netty-transport-4.1.29.Final.jar:/root/.m2/repository/io/netty/netty-resolver/4.1.29.Final/netty-resolver-4.1.29.Final.jar:/root/.m2/repository/com/netflix/ribbon/ribbon-core/2.2.5/ribbon-core-2.2.5.jar:/root/.m2/repository/com/netflix/ribbon/ribbon-httpclient/2.2.5/ribbon-httpclient-2.2.5.jar:/root/.m2/repository/commons-collections/commons-collections/3.2.2/commons-collections-3.2.2.jar:/root/.m2/repository/com/netflix/netflix-commons/netflix-commons-util/0.3.0/netflix-commons-util-0.3.0.jar:/root/.m2/repository/com/netflix/ribbon/ribbon-loadbalancer/2.2.5/ribbon-loadbalancer-2.2.5.jar:/root/.m2/repository/com/netflix/netflix-commons/netflix-statistics/0.1.1/netflix-statistics-0.1.1.jar:/root/.m2/repository/io/reactivex/rxjava/1.3.8/rxjava-1.3.8.jar:/root/.m2/repository/com/netflix/ribbon/ribbon-eureka/2.2.5/ribbon-eureka-2.2.5.jar:/root/.m2/repository/org/slf4j/slf4j-api/1.7.25/slf4j-api-1.7.25.jar:/root/.m2/repository/org/springframework/boot/spring-boot-starter-data-mongodb/2.0.5.RELEASE/spring-boot-starter-data-mongodb-2.0.5.RELEASE.jar:/root/.m2/repository/org/springframework/boot/spring-boot-starter/2.0.5.RELEASE/spring-boot-starter-2.0.5.RELEASE.jar:/root/.m2/repository/org/springframework/boot/spring-boot/2.0.5.RELEASE/spring-boot-2.0.5.RELEASE.jar:/root/.m2/repository/org/springframework/boot/spring-boot-autoconfigure/2.0.5.RELEASE/spring-boot-autoconfigure-2.0.5.RELEASE.jar:/root/.m2/repository/org/springframework/boot/spring-boot-starter-logging/2.0.5.RELEASE/spring-boot-starter-logging-2.0.5.RELEASE.jar:/root/.m2/repository/ch/qos/logback/logback-classic/1.2.3/logback-classic-1.2.3.jar:/root/.m2/repository/ch/qos/logback/logback-core/1.2.3/logback-core-1.2.3.jar:/root/.m2/repository/org/apache/logging/log4j/log4j-to-slf4j/2.10.0/log4j-to-slf4j-2.10.0.jar:/root/.m2/repository/org/apache/logging/log4j/log4j-api/2.10.0/log4j-api-2.10.0.jar:/root/.m2/repository/org/slf4j/jul-to-slf4j/1.7.25/jul-to-slf4j-1.7.25.jar:/root/.m2/repository/javax/annotation/javax.annotation-api/1.3.2/javax.annotation-api-1.3.2.jar:/root/.m2/repository/org/yaml/snakeyaml/1.19/snakeyaml-1.19.jar:/root/.m2/repository/org/mongodb/mongodb-driver/3.6.4/mongodb-driver-3.6.4.jar:/root/.m2/repository/org/mongodb/bson/3.6.4/bson-3.6.4.jar:/root/.m2/repository/org/mongodb/mongodb-driver-core/3.6.4/mongodb-driver-core-3.6.4.jar:/root/.m2/repository/org/springframework/data/spring-data-mongodb/2.0.10.RELEASE/spring-data-mongodb-2.0.10.RELEASE.jar:/root/.m2/repository/org/springframework/spring-tx/5.0.9.RELEASE/spring-tx-5.0.9.RELEASE.jar:/root/.m2/repository/org/springframework/spring-context/5.0.9.RELEASE/spring-context-5.0.9.RELEASE.jar:/root/.m2/repository/org/springframework/spring-beans/5.0.9.RELEASE/spring-beans-5.0.9.RELEASE.jar:/root/.m2/repository/org/springframework/spring-expression/5.0.9.RELEASE/spring-expression-5.0.9.RELEASE.jar:/root/.m2/repository/org/springframework/data/spring-data-commons/2.0.10.RELEASE/spring-data-commons-2.0.10.RELEASE.jar:/root/.m2/repository/junit/junit/4.12/junit-4.12.jar:/root/.m2/repository/org/hamcrest/hamcrest-core/1.3/hamcrest-core-1.3.jar:/root/.m2/repository/org/springframework/boot/spring-boot-starter-test/2.0.5.RELEASE/spring-boot-starter-test-2.0.5.RELEASE.jar:/root/.m2/repository/org/springframework/boot/spring-boot-test/2.0.5.RELEASE/spring-boot-test-2.0.5.RELEASE.jar:/root/.m2/repository/org/springframework/boot/spring-boot-test-autoconfigure/2.0.5.RELEASE/spring-boot-test-autoconfigure-2.0.5.RELEASE.jar:/root/.m2/repository/com/jayway/jsonpath/json-path/2.4.0/json-path-2.4.0.jar:/root/.m2/repository/net/minidev/json-smart/2.3/json-smart-2.3.jar:/root/.m2/repository/net/minidev/accessors-smart/1.2/accessors-smart-1.2.jar:/root/.m2/repository/org/ow2/asm/asm/5.0.4/asm-5.0.4.jar:/root/.m2/repository/org/assertj/assertj-core/3.9.1/assertj-core-3.9.1.jar:/root/.m2/repository/org/mockito/mockito-core/2.15.0/mockito-core-2.15.0.jar:/root/.m2/repository/net/bytebuddy/byte-buddy/1.7.11/byte-buddy-1.7.11.jar:/root/.m2/repository/net/bytebuddy/byte-buddy-agent/1.7.11/byte-buddy-agent-1.7.11.jar:/root/.m2/repository/org/objenesis/objenesis/2.6/objenesis-2.6.jar:/root/.m2/repository/org/hamcrest/hamcrest-library/1.3/hamcrest-library-1.3.jar:/root/.m2/repository/org/skyscreamer/jsonassert/1.5.0/jsonassert-1.5.0.jar:/root/.m2/repository/com/vaadin/external/google/android-json/0.0.20131108.vaadin1/android-json-0.0.20131108.vaadin1.jar:/root/.m2/repository/org/springframework/spring-core/5.0.9.RELEASE/spring-core-5.0.9.RELEASE.jar:/root/.m2/repository/org/springframework/spring-jcl/5.0.9.RELEASE/spring-jcl-5.0.9.RELEASE.jar:/root/.m2/repository/org/springframework/spring-test/5.0.9.RELEASE/spring-test-5.0.9.RELEASE.jar:/root/.m2/repository/org/xmlunit/xmlunit-core/2.5.1/xmlunit-core-2.5.1.jar:/root/.m2/repository/org/springframework/restdocs/spring-restdocs-mockmvc/2.0.2.RELEASE/spring-restdocs-mockmvc-2.0.2.RELEASE.jar:/root/.m2/repository/javax/servlet/javax.servlet-api/3.1.0/javax.servlet-api-3.1.0.jar:/root/.m2/repository/org/springframework/restdocs/spring-restdocs-core/2.0.2.RELEASE/spring-restdocs-core-2.0.2.RELEASE.jar:/root/.m2/repository/com/fasterxml/jackson/core/jackson-databind/2.9.6/jackson-databind-2.9.6.jar:/root/.m2/repository/org/springframework/spring-web/5.0.9.RELEASE/spring-web-5.0.9.RELEASE.jar:/root/.m2/repository/org/springframework/spring-webmvc/5.0.9.RELEASE/spring-webmvc-5.0.9.RELEASE.jar:/root/.m2/repository/org/springframework/spring-aop/5.0.9.RELEASE/spring-aop-5.0.9.RELEASE.jar:, user.name=root, java.vm.specification.version=1.8, sun.java.command=/home/fbertos/workspace/spring-cloud-users/target/surefire/surefirebooter1668550838135236817.jar /home/fbertos/workspace/spring-cloud-users/target/surefire 2018-11-16T22-33-27_380-jvmRun1 surefire7806052159740853651tmp surefire_04433681893974538146tmp, java.home=/usr/lib/jvm/java-8-oracle/jre, sun.arch.data.model=64, user.language=es, java.specification.vendor=Oracle Corporation, awt.toolkit=sun.awt.X11.XToolkit, java.vm.info=mixed mode, java.version=1.8.0_191, java.ext.dirs=/usr/lib/jvm/java-8-oracle/jre/lib/ext:/usr/java/packages/lib/ext, sun.boot.class.path=/usr/lib/jvm/java-8-oracle/jre/lib/resources.jar:/usr/lib/jvm/java-8-oracle/jre/lib/rt.jar:/usr/lib/jvm/java-8-oracle/jre/lib/sunrsasign.jar:/usr/lib/jvm/java-8-oracle/jre/lib/jsse.jar:/usr/lib/jvm/java-8-oracle/jre/lib/jce.jar:/usr/lib/jvm/java-8-oracle/jre/lib/charsets.jar:/usr/lib/jvm/java-8-oracle/jre/lib/jfr.jar:/usr/lib/jvm/java-8-oracle/jre/classes, java.vendor=Oracle Corporation, localRepository=/root/.m2/repository, file.separator=/, java.vendor.url.bug=http://bugreport.sun.com/bugreport/, sun.io.unicode.encoding=UnicodeLittle, sun.cpu.endian=little, sun.cpu.isalist=}}, SystemEnvironmentPropertySource@1390835631 {name='systemEnvironment', properties={PATH=/usr/local/sbin:/usr/local/bin:/usr/sbin:/usr/bin:/sbin:/bin:/snap/bin:/usr/lib/jvm/java-8-oracle/bin:/usr/lib/jvm/java-8-oracle/db/bin:/usr/lib/jvm/java-8-oracle/jre/bin, XAUTHORITY=/run/user/1000/gdm/Xauthority, LESSCLOSE=/usr/bin/lesspipe %s %s, XDG_DATA_DIRS=/usr/local/share:/usr/share:/var/lib/snapd/desktop, JAVA_HOME=/usr/lib/jvm/java-8-oracle, TERM=xterm-256color, LANG=es_ES.UTF-8, DBUS_SESSION_BUS_ADDRESS=unix:path=/run/user/0/bus, XDG_SESSION_ID=3, DISPLAY=:0, MAIL=/var/mail/root, COLORTERM=truecolor, LOGNAME=root, PWD=/home/fbertos/workspace/spring-cloud-users, DERBY_HOME=/usr/lib/jvm/java-8-oracle/db, MAVEN_CMD_LINE_ARGS= clean test, _=/usr/bin/mvn, SHELL=/bin/bash, LESSOPEN=| /usr/bin/lesspipe %s, J2SDKDIR=/usr/lib/jvm/java-8-oracle, MAVEN_PROJECTBASEDIR=/home/fbertos/workspace/spring-cloud-users, OLDPWD=/home/fbertos/workspace/spring-cloud-users, USER=root, J2REDIR=/usr/lib/jvm/java-8-oracle/jre, LS_COLORS=rs=0:di=01;34:ln=01;36:mh=00:pi=40;33:so=01;35:do=01;35:bd=40;33;01:cd=40;33;01:or=40;31;01:mi=00:su=37;41:sg=30;43:ca=30;41:tw=30;42:ow=34;42:st=37;44:ex=01;32:*.tar=01;31:*.tgz=01;31:*.arc=01;31:*.arj=01;31:*.taz=01;31:*.lha=01;31:*.lz4=01;31:*.lzh=01;31:*.lzma=01;31:*.tlz=01;31:*.txz=01;31:*.tzo=01;31:*.t7z=01;31:*.zip=01;31:*.z=01;31:*.Z=01;31:*.dz=01;31:*.gz=01;31:*.lrz=01;31:*.lz=01;31:*.lzo=01;31:*.xz=01;31:*.zst=01;31:*.tzst=01;31:*.bz2=01;31:*.bz=01;31:*.tbz=01;31:*.tbz2=01;31:*.tz=01;31:*.deb=01;31:*.rpm=01;31:*.jar=01;31:*.war=01;31:*.ear=01;31:*.sar=01;31:*.rar=01;31:*.alz=01;31:*.ace=01;31:*.zoo=01;31:*.cpio=01;31:*.7z=01;31:*.rz=01;31:*.cab=01;31:*.wim=01;31:*.swm=01;31:*.dwm=01;31:*.esd=01;31:*.jpg=01;35:*.jpeg=01;35:*.mjpg=01;35:*.mjpeg=01;35:*.gif=01;35:*.bmp=01;35:*.pbm=01;35:*.pgm=01;35:*.ppm=01;35:*.tga=01;35:*.xbm=01;35:*.xpm=01;35:*.tif=01;35:*.tiff=01;35:*.png=01;35:*.svg=01;35:*.svgz=01;35:*.mng=01;35:*.pcx=01;35:*.mov=01;35:*.mpg=01;35:*.mpeg=01;35:*.m2v=01;35:*.mkv=01;35:*.webm=01;35:*.ogm=01;35:*.mp4=01;35:*.m4v=01;35:*.mp4v=01;35:*.vob=01;35:*.qt=01;35:*.nuv=01;35:*.wmv=01;35:*.asf=01;35:*.rm=01;35:*.rmvb=01;35:*.flc=01;35:*.avi=01;35:*.fli=01;35:*.flv=01;35:*.gl=01;35:*.dl=01;35:*.xcf=01;35:*.xwd=01;35:*.yuv=01;35:*.cgm=01;35:*.emf=01;35:*.ogv=01;35:*.ogx=01;35:*.aac=00;36:*.au=00;36:*.flac=00;36:*.m4a=00;36:*.mid=00;36:*.midi=00;36:*.mka=00;36:*.mp3=00;36:*.mpc=00;36:*.ogg=00;36:*.ra=00;36:*.wav=00;36:*.oga=00;36:*.opus=00;36:*.spx=00;36:*.xspf=00;36:, XDG_RUNTIME_DIR=/run/user/0, HOME=/root, SHLVL=1}}]
22:33:29.068 [main] DEBUG org.springframework.core.io.support.PathMatchingResourcePatternResolver - Resolved classpath location [org/fbertos/services/users/] to resources [URL [file:/home/fbertos/workspace/spring-cloud-users/target/test-classes/org/fbertos/services/users/], URL [file:/home/fbertos/workspace/spring-cloud-users/target/classes/org/fbertos/services/users/]]
22:33:29.069 [main] DEBUG org.springframework.core.io.support.PathMatchingResourcePatternResolver - Looking for matching resources in directory tree [/home/fbertos/workspace/spring-cloud-users/target/test-classes/org/fbertos/services/users]
22:33:29.070 [main] DEBUG org.springframework.core.io.support.PathMatchingResourcePatternResolver - Searching directory [/home/fbertos/workspace/spring-cloud-users/target/test-classes/org/fbertos/services/users] for files matching pattern [/home/fbertos/workspace/spring-cloud-users/target/test-classes/org/fbertos/services/users/*.class]
22:33:29.079 [main] DEBUG org.springframework.core.io.support.PathMatchingResourcePatternResolver - Looking for matching resources in directory tree [/home/fbertos/workspace/spring-cloud-users/target/classes/org/fbertos/services/users]
22:33:29.079 [main] DEBUG org.springframework.core.io.support.PathMatchingResourcePatternResolver - Searching directory [/home/fbertos/workspace/spring-cloud-users/target/classes/org/fbertos/services/users] for files matching pattern [/home/fbertos/workspace/spring-cloud-users/target/classes/org/fbertos/services/users/*.class]
22:33:29.082 [main] DEBUG org.springframework.core.io.support.PathMatchingResourcePatternResolver - Resolved location pattern [classpath*:org/fbertos/services/users/*.class] to resources [file [/home/fbertos/workspace/spring-cloud-users/target/test-classes/org/fbertos/services/users/UserServiceTest.class], file [/home/fbertos/workspace/spring-cloud-users/target/classes/org/fbertos/services/users/ApplicationRestService.class], file [/home/fbertos/workspace/spring-cloud-users/target/classes/org/fbertos/services/users/MongoService.class], file [/home/fbertos/workspace/spring-cloud-users/target/classes/org/fbertos/services/users/User.class], file [/home/fbertos/workspace/spring-cloud-users/target/classes/org/fbertos/services/users/UserRepository.class], file [/home/fbertos/workspace/spring-cloud-users/target/classes/org/fbertos/services/users/UserService.class]]
22:33:29.219 [main] DEBUG org.springframework.context.annotation.ClassPathScanningCandidateComponentProvider - Identified candidate component class: file [/home/fbertos/workspace/spring-cloud-users/target/classes/org/fbertos/services/users/ApplicationRestService.class]
22:33:29.236 [main] INFO org.springframework.boot.test.context.SpringBootTestContextBootstrapper - Found @SpringBootConfiguration org.fbertos.services.users.ApplicationRestService for test class org.fbertos.services.users.UserServiceTest
22:33:29.404 [main] DEBUG org.springframework.boot.test.context.SpringBootTestContextBootstrapper - @TestExecutionListeners is not present for class [org.fbertos.services.users.UserServiceTest]: using defaults.
22:33:29.405 [main] INFO org.springframework.boot.test.context.SpringBootTestContextBootstrapper - Loaded default TestExecutionListener class names from location [META-INF/spring.factories]: [org.springframework.boot.test.mock.mockito.MockitoTestExecutionListener, org.springframework.boot.test.mock.mockito.ResetMocksTestExecutionListener, org.springframework.boot.test.autoconfigure.restdocs.RestDocsTestExecutionListener, org.springframework.boot.test.autoconfigure.web.client.MockRestServiceServerResetTestExecutionListener, org.springframework.boot.test.autoconfigure.web.servlet.MockMvcPrintOnlyOnFailureTestExecutionListener, org.springframework.boot.test.autoconfigure.web.servlet.WebDriverTestExecutionListener, org.springframework.test.context.web.ServletTestExecutionListener, org.springframework.test.context.support.DirtiesContextBeforeModesTestExecutionListener, org.springframework.test.context.support.DependencyInjectionTestExecutionListener, org.springframework.test.context.support.DirtiesContextTestExecutionListener, org.springframework.test.context.transaction.TransactionalTestExecutionListener, org.springframework.test.context.jdbc.SqlScriptsTestExecutionListener]
22:33:29.462 [main] INFO org.springframework.boot.test.context.SpringBootTestContextBootstrapper - Using TestExecutionListeners: [org.springframework.test.context.web.ServletTestExecutionListener@4e7912d8, org.springframework.test.context.support.DirtiesContextBeforeModesTestExecutionListener@53976f5c, org.springframework.boot.test.mock.mockito.MockitoTestExecutionListener@2bfc268b, org.springframework.boot.test.autoconfigure.SpringBootDependencyInjectionTestExecutionListener@2f8dad04, org.springframework.test.context.support.DirtiesContextTestExecutionListener@29e495ff, org.springframework.test.context.transaction.TransactionalTestExecutionListener@41e1e210, org.springframework.test.context.jdbc.SqlScriptsTestExecutionListener@be35cd9, org.springframework.boot.test.mock.mockito.ResetMocksTestExecutionListener@4944252c, org.springframework.boot.test.autoconfigure.restdocs.RestDocsTestExecutionListener@44821a96, org.springframework.boot.test.autoconfigure.web.client.MockRestServiceServerResetTestExecutionListener@a3d8174, org.springframework.boot.test.autoconfigure.web.servlet.MockMvcPrintOnlyOnFailureTestExecutionListener@1ba9117e, org.springframework.boot.test.autoconfigure.web.servlet.WebDriverTestExecutionListener@732c2a62]
22:33:29.464 [main] DEBUG org.springframework.test.annotation.ProfileValueUtils - Retrieved @ProfileValueSourceConfiguration [null] for test class [org.fbertos.services.users.UserServiceTest]
22:33:29.464 [main] DEBUG org.springframework.test.annotation.ProfileValueUtils - Retrieved ProfileValueSource type [class org.springframework.test.annotation.SystemProfileValueSource] for class [org.fbertos.services.users.UserServiceTest]
22:33:29.466 [main] DEBUG org.springframework.test.annotation.ProfileValueUtils - Retrieved @ProfileValueSourceConfiguration [null] for test class [org.fbertos.services.users.UserServiceTest]
22:33:29.466 [main] DEBUG org.springframework.test.annotation.ProfileValueUtils - Retrieved ProfileValueSource type [class org.springframework.test.annotation.SystemProfileValueSource] for class [org.fbertos.services.users.UserServiceTest]
22:33:29.467 [main] DEBUG org.springframework.test.annotation.ProfileValueUtils - Retrieved @ProfileValueSourceConfiguration [null] for test class [org.fbertos.services.users.UserServiceTest]
22:33:29.467 [main] DEBUG org.springframework.test.annotation.ProfileValueUtils - Retrieved ProfileValueSource type [class org.springframework.test.annotation.SystemProfileValueSource] for class [org.fbertos.services.users.UserServiceTest]
22:33:29.472 [main] DEBUG org.springframework.test.context.support.AbstractDirtiesContextTestExecutionListener - Before test class: context [DefaultTestContext@6c130c45 testClass = UserServiceTest, testInstance = [null], testMethod = [null], testException = [null], mergedContextConfiguration = [WebMergedContextConfiguration@50ad3bc1 testClass = UserServiceTest, locations = '{}', classes = '{class org.fbertos.services.users.ApplicationRestService}', contextInitializerClasses = '[]', activeProfiles = '{}', propertySourceLocations = '{}', propertySourceProperties = '{org.springframework.boot.test.context.SpringBootTestContextBootstrapper=true}', contextCustomizers = set[org.springframework.boot.test.context.filter.ExcludeFilterContextCustomizer@120d6fe6, org.springframework.boot.test.json.DuplicateJsonObjectContextCustomizerFactory$DuplicateJsonObjectContextCustomizer@1372ed45, org.springframework.boot.test.mock.mockito.MockitoContextCustomizer@e18c150d, org.springframework.boot.test.web.client.TestRestTemplateContextCustomizer@7364985f, org.springframework.boot.test.autoconfigure.properties.PropertyMappingContextCustomizer@0, org.springframework.boot.test.autoconfigure.web.servlet.WebDriverContextCustomizerFactory$Customizer@255b53dc], resourceBasePath = 'src/main/webapp', contextLoader = 'org.springframework.boot.test.context.SpringBootContextLoader', parent = [null]], attributes = map['org.springframework.test.context.web.ServletTestExecutionListener.activateListener' -> true]], class annotated with @DirtiesContext [false] with mode [null].
22:33:29.472 [main] DEBUG org.springframework.test.annotation.ProfileValueUtils - Retrieved @ProfileValueSourceConfiguration [null] for test class [org.fbertos.services.users.UserServiceTest]
22:33:29.473 [main] DEBUG org.springframework.test.annotation.ProfileValueUtils - Retrieved ProfileValueSource type [class org.springframework.test.annotation.SystemProfileValueSource] for class [org.fbertos.services.users.UserServiceTest]
22:33:29.505 [main] DEBUG org.springframework.core.env.StandardEnvironment - Adding PropertySource 'systemProperties' with lowest search precedence
22:33:29.505 [main] DEBUG org.springframework.core.env.StandardEnvironment - Adding PropertySource 'systemEnvironment' with lowest search precedence
22:33:29.506 [main] DEBUG org.springframework.core.env.StandardEnvironment - Initialized StandardEnvironment with PropertySources [MapPropertySource@1412794598 {name='systemProperties', properties={java.runtime.name=Java(TM) SE Runtime Environment, sun.boot.library.path=/usr/lib/jvm/java-8-oracle/jre/lib/amd64, java.vm.version=25.191-b12, java.vm.vendor=Oracle Corporation, java.vendor.url=http://java.oracle.com/, path.separator=:, java.vm.name=Java HotSpot(TM) 64-Bit Server VM, file.encoding.pkg=sun.io, user.country=ES, sun.java.launcher=SUN_STANDARD, sun.os.patch.level=unknown, java.vm.specification.name=Java Virtual Machine Specification, user.dir=/home/fbertos/workspace/spring-cloud-users, java.runtime.version=1.8.0_191-b12, basedir=/home/fbertos/workspace/spring-cloud-users, java.awt.graphicsenv=sun.awt.X11GraphicsEnvironment, java.endorsed.dirs=/usr/lib/jvm/java-8-oracle/jre/lib/endorsed, os.arch=amd64, surefire.real.class.path=/home/fbertos/workspace/spring-cloud-users/target/surefire/surefirebooter1668550838135236817.jar, java.io.tmpdir=/tmp, line.separator=
, java.vm.specification.vendor=Oracle Corporation, os.name=Linux, sun.jnu.encoding=UTF-8, java.library.path=/usr/java/packages/lib/amd64:/usr/lib64:/lib64:/lib:/usr/lib, surefire.test.class.path=/home/fbertos/workspace/spring-cloud-users/target/test-classes:/home/fbertos/workspace/spring-cloud-users/target/classes:/root/.m2/repository/org/springframework/cloud/spring-cloud-starter-netflix-eureka-server/2.0.1.RELEASE/spring-cloud-starter-netflix-eureka-server-2.0.1.RELEASE.jar:/root/.m2/repository/org/springframework/cloud/spring-cloud-starter/2.0.1.RELEASE/spring-cloud-starter-2.0.1.RELEASE.jar:/root/.m2/repository/org/springframework/cloud/spring-cloud-context/2.0.1.RELEASE/spring-cloud-context-2.0.1.RELEASE.jar:/root/.m2/repository/org/springframework/security/spring-security-crypto/5.0.8.RELEASE/spring-security-crypto-5.0.8.RELEASE.jar:/root/.m2/repository/org/springframework/cloud/spring-cloud-commons/2.0.1.RELEASE/spring-cloud-commons-2.0.1.RELEASE.jar:/root/.m2/repository/org/springframework/security/spring-security-rsa/1.0.5.RELEASE/spring-security-rsa-1.0.5.RELEASE.jar:/root/.m2/repository/org/bouncycastle/bcpkix-jdk15on/1.56/bcpkix-jdk15on-1.56.jar:/root/.m2/repository/org/bouncycastle/bcprov-jdk15on/1.56/bcprov-jdk15on-1.56.jar:/root/.m2/repository/org/springframework/cloud/spring-cloud-netflix-eureka-server/2.0.1.RELEASE/spring-cloud-netflix-eureka-server-2.0.1.RELEASE.jar:/root/.m2/repository/org/springframework/boot/spring-boot-starter-web/2.0.5.RELEASE/spring-boot-starter-web-2.0.5.RELEASE.jar:/root/.m2/repository/org/springframework/boot/spring-boot-starter-json/2.0.5.RELEASE/spring-boot-starter-json-2.0.5.RELEASE.jar:/root/.m2/repository/com/fasterxml/jackson/datatype/jackson-datatype-jdk8/2.9.6/jackson-datatype-jdk8-2.9.6.jar:/root/.m2/repository/com/fasterxml/jackson/datatype/jackson-datatype-jsr310/2.9.6/jackson-datatype-jsr310-2.9.6.jar:/root/.m2/repository/com/fasterxml/jackson/module/jackson-module-parameter-names/2.9.6/jackson-module-parameter-names-2.9.6.jar:/root/.m2/repository/org/springframework/boot/spring-boot-starter-tomcat/2.0.5.RELEASE/spring-boot-starter-tomcat-2.0.5.RELEASE.jar:/root/.m2/repository/org/apache/tomcat/embed/tomcat-embed-core/8.5.34/tomcat-embed-core-8.5.34.jar:/root/.m2/repository/org/apache/tomcat/embed/tomcat-embed-el/8.5.34/tomcat-embed-el-8.5.34.jar:/root/.m2/repository/org/apache/tomcat/embed/tomcat-embed-websocket/8.5.34/tomcat-embed-websocket-8.5.34.jar:/root/.m2/repository/org/hibernate/validator/hibernate-validator/6.0.12.Final/hibernate-validator-6.0.12.Final.jar:/root/.m2/repository/javax/validation/validation-api/2.0.1.Final/validation-api-2.0.1.Final.jar:/root/.m2/repository/org/jboss/logging/jboss-logging/3.3.2.Final/jboss-logging-3.3.2.Final.jar:/root/.m2/repository/com/fasterxml/classmate/1.3.4/classmate-1.3.4.jar:/root/.m2/repository/org/springframework/boot/spring-boot-starter-actuator/2.0.5.RELEASE/spring-boot-starter-actuator-2.0.5.RELEASE.jar:/root/.m2/repository/org/springframework/boot/spring-boot-actuator-autoconfigure/2.0.5.RELEASE/spring-boot-actuator-autoconfigure-2.0.5.RELEASE.jar:/root/.m2/repository/org/springframework/boot/spring-boot-actuator/2.0.5.RELEASE/spring-boot-actuator-2.0.5.RELEASE.jar:/root/.m2/repository/io/micrometer/micrometer-core/1.0.6/micrometer-core-1.0.6.jar:/root/.m2/repository/org/hdrhistogram/HdrHistogram/2.1.10/HdrHistogram-2.1.10.jar:/root/.m2/repository/org/latencyutils/LatencyUtils/2.0.3/LatencyUtils-2.0.3.jar:/root/.m2/repository/org/springframework/boot/spring-boot-starter-freemarker/2.0.5.RELEASE/spring-boot-starter-freemarker-2.0.5.RELEASE.jar:/root/.m2/repository/org/freemarker/freemarker/2.3.28/freemarker-2.3.28.jar:/root/.m2/repository/org/springframework/spring-context-support/5.0.9.RELEASE/spring-context-support-5.0.9.RELEASE.jar:/root/.m2/repository/org/springframework/cloud/spring-cloud-netflix-core/2.0.1.RELEASE/spring-cloud-netflix-core-2.0.1.RELEASE.jar:/root/.m2/repository/org/springframework/boot/spring-boot-starter-aop/2.0.5.RELEASE/spring-boot-starter-aop-2.0.5.RELEASE.jar:/root/.m2/repository/org/aspectj/aspectjweaver/1.8.13/aspectjweaver-1.8.13.jar:/root/.m2/repository/org/springframework/cloud/spring-cloud-netflix-eureka-client/2.0.1.RELEASE/spring-cloud-netflix-eureka-client-2.0.1.RELEASE.jar:/root/.m2/repository/com/netflix/eureka/eureka-client/1.9.3/eureka-client-1.9.3.jar:/root/.m2/repository/org/codehaus/jettison/jettison/1.3.7/jettison-1.3.7.jar:/root/.m2/repository/stax/stax-api/1.0.1/stax-api-1.0.1.jar:/root/.m2/repository/com/netflix/netflix-commons/netflix-eventbus/0.3.0/netflix-eventbus-0.3.0.jar:/root/.m2/repository/com/netflix/netflix-commons/netflix-infix/0.3.0/netflix-infix-0.3.0.jar:/root/.m2/repository/commons-jxpath/commons-jxpath/1.3/commons-jxpath-1.3.jar:/root/.m2/repository/joda-time/joda-time/2.9.9/joda-time-2.9.9.jar:/root/.m2/repository/org/antlr/antlr-runtime/3.4/antlr-runtime-3.4.jar:/root/.m2/repository/org/antlr/stringtemplate/3.2.1/stringtemplate-3.2.1.jar:/root/.m2/repository/antlr/antlr/2.7.7/antlr-2.7.7.jar:/root/.m2/repository/com/google/code/gson/gson/2.8.5/gson-2.8.5.jar:/root/.m2/repository/org/apache/commons/commons-math/2.2/commons-math-2.2.jar:/root/.m2/repository/javax/ws/rs/jsr311-api/1.1.1/jsr311-api-1.1.1.jar:/root/.m2/repository/com/netflix/servo/servo-core/0.12.21/servo-core-0.12.21.jar:/root/.m2/repository/com/sun/jersey/jersey-core/1.19.1/jersey-core-1.19.1.jar:/root/.m2/repository/com/sun/jersey/jersey-client/1.19.1/jersey-client-1.19.1.jar:/root/.m2/repository/com/sun/jersey/contribs/jersey-apache-client4/1.19.1/jersey-apache-client4-1.19.1.jar:/root/.m2/repository/org/apache/httpcomponents/httpclient/4.5.6/httpclient-4.5.6.jar:/root/.m2/repository/org/apache/httpcomponents/httpcore/4.4.10/httpcore-4.4.10.jar:/root/.m2/repository/commons-codec/commons-codec/1.11/commons-codec-1.11.jar:/root/.m2/repository/com/google/inject/guice/4.1.0/guice-4.1.0.jar:/root/.m2/repository/aopalliance/aopalliance/1.0/aopalliance-1.0.jar:/root/.m2/repository/com/github/vlsi/compactmap/compactmap/1.2.1/compactmap-1.2.1.jar:/root/.m2/repository/com/github/andrewoma/dexx/dexx-collections/0.2/dexx-collections-0.2.jar:/root/.m2/repository/com/fasterxml/jackson/core/jackson-annotations/2.9.0/jackson-annotations-2.9.0.jar:/root/.m2/repository/com/fasterxml/jackson/core/jackson-core/2.9.6/jackson-core-2.9.6.jar:/root/.m2/repository/com/sun/jersey/jersey-servlet/1.19.1/jersey-servlet-1.19.1.jar:/root/.m2/repository/com/sun/jersey/jersey-server/1.19.1/jersey-server-1.19.1.jar:/root/.m2/repository/com/netflix/eureka/eureka-core/1.9.3/eureka-core-1.9.3.jar:/root/.m2/repository/org/codehaus/woodstox/woodstox-core-asl/4.4.1/woodstox-core-asl-4.4.1.jar:/root/.m2/repository/javax/xml/stream/stax-api/1.0-2/stax-api-1.0-2.jar:/root/.m2/repository/com/netflix/archaius/archaius-core/0.7.6/archaius-core-0.7.6.jar:/root/.m2/repository/com/google/code/findbugs/jsr305/3.0.1/jsr305-3.0.1.jar:/root/.m2/repository/com/google/guava/guava/16.0/guava-16.0.jar:/root/.m2/repository/javax/inject/javax.inject/1/javax.inject-1.jar:/root/.m2/repository/com/fasterxml/jackson/dataformat/jackson-dataformat-xml/2.9.6/jackson-dataformat-xml-2.9.6.jar:/root/.m2/repository/com/fasterxml/jackson/module/jackson-module-jaxb-annotations/2.9.6/jackson-module-jaxb-annotations-2.9.6.jar:/root/.m2/repository/org/codehaus/woodstox/stax2-api/3.1.4/stax2-api-3.1.4.jar:/root/.m2/repository/com/fasterxml/woodstox/woodstox-core/5.0.3/woodstox-core-5.0.3.jar:/root/.m2/repository/com/thoughtworks/xstream/xstream/1.4.10/xstream-1.4.10.jar:/root/.m2/repository/xmlpull/xmlpull/1.1.3.1/xmlpull-1.1.3.1.jar:/root/.m2/repository/xpp3/xpp3_min/1.1.4c/xpp3_min-1.1.4c.jar:/root/.m2/repository/org/springframework/cloud/spring-cloud-starter-netflix-archaius/2.0.1.RELEASE/spring-cloud-starter-netflix-archaius-2.0.1.RELEASE.jar:/root/.m2/repository/org/springframework/cloud/spring-cloud-netflix-ribbon/2.0.1.RELEASE/spring-cloud-netflix-ribbon-2.0.1.RELEASE.jar:/root/.m2/repository/org/springframework/cloud/spring-cloud-netflix-archaius/2.0.1.RELEASE/spring-cloud-netflix-archaius-2.0.1.RELEASE.jar:/root/.m2/repository/commons-configuration/commons-configuration/1.8/commons-configuration-1.8.jar:/root/.m2/repository/commons-lang/commons-lang/2.6/commons-lang-2.6.jar:/root/.m2/repository/org/springframework/cloud/spring-cloud-starter-netflix-ribbon/2.0.1.RELEASE/spring-cloud-starter-netflix-ribbon-2.0.1.RELEASE.jar:/root/.m2/repository/com/netflix/ribbon/ribbon/2.2.5/ribbon-2.2.5.jar:/root/.m2/repository/com/netflix/ribbon/ribbon-transport/2.2.5/ribbon-transport-2.2.5.jar:/root/.m2/repository/io/reactivex/rxnetty-contexts/0.4.9/rxnetty-contexts-0.4.9.jar:/root/.m2/repository/io/reactivex/rxnetty-servo/0.4.9/rxnetty-servo-0.4.9.jar:/root/.m2/repository/com/netflix/hystrix/hystrix-core/1.5.12/hystrix-core-1.5.12.jar:/root/.m2/repository/io/reactivex/rxnetty/0.4.9/rxnetty-0.4.9.jar:/root/.m2/repository/io/netty/netty-codec-http/4.1.29.Final/netty-codec-http-4.1.29.Final.jar:/root/.m2/repository/io/netty/netty-codec/4.1.29.Final/netty-codec-4.1.29.Final.jar:/root/.m2/repository/io/netty/netty-transport-native-epoll/4.1.29.Final/netty-transport-native-epoll-4.1.29.Final.jar:/root/.m2/repository/io/netty/netty-common/4.1.29.Final/netty-common-4.1.29.Final.jar:/root/.m2/repository/io/netty/netty-buffer/4.1.29.Final/netty-buffer-4.1.29.Final.jar:/root/.m2/repository/io/netty/netty-transport-native-unix-common/4.1.29.Final/netty-transport-native-unix-common-4.1.29.Final.jar:/root/.m2/repository/io/netty/netty-transport/4.1.29.Final/netty-transport-4.1.29.Final.jar:/root/.m2/repository/io/netty/netty-resolver/4.1.29.Final/netty-resolver-4.1.29.Final.jar:/root/.m2/repository/com/netflix/ribbon/ribbon-core/2.2.5/ribbon-core-2.2.5.jar:/root/.m2/repository/com/netflix/ribbon/ribbon-httpclient/2.2.5/ribbon-httpclient-2.2.5.jar:/root/.m2/repository/commons-collections/commons-collections/3.2.2/commons-collections-3.2.2.jar:/root/.m2/repository/com/netflix/netflix-commons/netflix-commons-util/0.3.0/netflix-commons-util-0.3.0.jar:/root/.m2/repository/com/netflix/ribbon/ribbon-loadbalancer/2.2.5/ribbon-loadbalancer-2.2.5.jar:/root/.m2/repository/com/netflix/netflix-commons/netflix-statistics/0.1.1/netflix-statistics-0.1.1.jar:/root/.m2/repository/io/reactivex/rxjava/1.3.8/rxjava-1.3.8.jar:/root/.m2/repository/com/netflix/ribbon/ribbon-eureka/2.2.5/ribbon-eureka-2.2.5.jar:/root/.m2/repository/org/slf4j/slf4j-api/1.7.25/slf4j-api-1.7.25.jar:/root/.m2/repository/org/springframework/boot/spring-boot-starter-data-mongodb/2.0.5.RELEASE/spring-boot-starter-data-mongodb-2.0.5.RELEASE.jar:/root/.m2/repository/org/springframework/boot/spring-boot-starter/2.0.5.RELEASE/spring-boot-starter-2.0.5.RELEASE.jar:/root/.m2/repository/org/springframework/boot/spring-boot/2.0.5.RELEASE/spring-boot-2.0.5.RELEASE.jar:/root/.m2/repository/org/springframework/boot/spring-boot-autoconfigure/2.0.5.RELEASE/spring-boot-autoconfigure-2.0.5.RELEASE.jar:/root/.m2/repository/org/springframework/boot/spring-boot-starter-logging/2.0.5.RELEASE/spring-boot-starter-logging-2.0.5.RELEASE.jar:/root/.m2/repository/ch/qos/logback/logback-classic/1.2.3/logback-classic-1.2.3.jar:/root/.m2/repository/ch/qos/logback/logback-core/1.2.3/logback-core-1.2.3.jar:/root/.m2/repository/org/apache/logging/log4j/log4j-to-slf4j/2.10.0/log4j-to-slf4j-2.10.0.jar:/root/.m2/repository/org/apache/logging/log4j/log4j-api/2.10.0/log4j-api-2.10.0.jar:/root/.m2/repository/org/slf4j/jul-to-slf4j/1.7.25/jul-to-slf4j-1.7.25.jar:/root/.m2/repository/javax/annotation/javax.annotation-api/1.3.2/javax.annotation-api-1.3.2.jar:/root/.m2/repository/org/yaml/snakeyaml/1.19/snakeyaml-1.19.jar:/root/.m2/repository/org/mongodb/mongodb-driver/3.6.4/mongodb-driver-3.6.4.jar:/root/.m2/repository/org/mongodb/bson/3.6.4/bson-3.6.4.jar:/root/.m2/repository/org/mongodb/mongodb-driver-core/3.6.4/mongodb-driver-core-3.6.4.jar:/root/.m2/repository/org/springframework/data/spring-data-mongodb/2.0.10.RELEASE/spring-data-mongodb-2.0.10.RELEASE.jar:/root/.m2/repository/org/springframework/spring-tx/5.0.9.RELEASE/spring-tx-5.0.9.RELEASE.jar:/root/.m2/repository/org/springframework/spring-context/5.0.9.RELEASE/spring-context-5.0.9.RELEASE.jar:/root/.m2/repository/org/springframework/spring-beans/5.0.9.RELEASE/spring-beans-5.0.9.RELEASE.jar:/root/.m2/repository/org/springframework/spring-expression/5.0.9.RELEASE/spring-expression-5.0.9.RELEASE.jar:/root/.m2/repository/org/springframework/data/spring-data-commons/2.0.10.RELEASE/spring-data-commons-2.0.10.RELEASE.jar:/root/.m2/repository/junit/junit/4.12/junit-4.12.jar:/root/.m2/repository/org/hamcrest/hamcrest-core/1.3/hamcrest-core-1.3.jar:/root/.m2/repository/org/springframework/boot/spring-boot-starter-test/2.0.5.RELEASE/spring-boot-starter-test-2.0.5.RELEASE.jar:/root/.m2/repository/org/springframework/boot/spring-boot-test/2.0.5.RELEASE/spring-boot-test-2.0.5.RELEASE.jar:/root/.m2/repository/org/springframework/boot/spring-boot-test-autoconfigure/2.0.5.RELEASE/spring-boot-test-autoconfigure-2.0.5.RELEASE.jar:/root/.m2/repository/com/jayway/jsonpath/json-path/2.4.0/json-path-2.4.0.jar:/root/.m2/repository/net/minidev/json-smart/2.3/json-smart-2.3.jar:/root/.m2/repository/net/minidev/accessors-smart/1.2/accessors-smart-1.2.jar:/root/.m2/repository/org/ow2/asm/asm/5.0.4/asm-5.0.4.jar:/root/.m2/repository/org/assertj/assertj-core/3.9.1/assertj-core-3.9.1.jar:/root/.m2/repository/org/mockito/mockito-core/2.15.0/mockito-core-2.15.0.jar:/root/.m2/repository/net/bytebuddy/byte-buddy/1.7.11/byte-buddy-1.7.11.jar:/root/.m2/repository/net/bytebuddy/byte-buddy-agent/1.7.11/byte-buddy-agent-1.7.11.jar:/root/.m2/repository/org/objenesis/objenesis/2.6/objenesis-2.6.jar:/root/.m2/repository/org/hamcrest/hamcrest-library/1.3/hamcrest-library-1.3.jar:/root/.m2/repository/org/skyscreamer/jsonassert/1.5.0/jsonassert-1.5.0.jar:/root/.m2/repository/com/vaadin/external/google/android-json/0.0.20131108.vaadin1/android-json-0.0.20131108.vaadin1.jar:/root/.m2/repository/org/springframework/spring-core/5.0.9.RELEASE/spring-core-5.0.9.RELEASE.jar:/root/.m2/repository/org/springframework/spring-jcl/5.0.9.RELEASE/spring-jcl-5.0.9.RELEASE.jar:/root/.m2/repository/org/springframework/spring-test/5.0.9.RELEASE/spring-test-5.0.9.RELEASE.jar:/root/.m2/repository/org/xmlunit/xmlunit-core/2.5.1/xmlunit-core-2.5.1.jar:/root/.m2/repository/org/springframework/restdocs/spring-restdocs-mockmvc/2.0.2.RELEASE/spring-restdocs-mockmvc-2.0.2.RELEASE.jar:/root/.m2/repository/javax/servlet/javax.servlet-api/3.1.0/javax.servlet-api-3.1.0.jar:/root/.m2/repository/org/springframework/restdocs/spring-restdocs-core/2.0.2.RELEASE/spring-restdocs-core-2.0.2.RELEASE.jar:/root/.m2/repository/com/fasterxml/jackson/core/jackson-databind/2.9.6/jackson-databind-2.9.6.jar:/root/.m2/repository/org/springframework/spring-web/5.0.9.RELEASE/spring-web-5.0.9.RELEASE.jar:/root/.m2/repository/org/springframework/spring-webmvc/5.0.9.RELEASE/spring-webmvc-5.0.9.RELEASE.jar:/root/.m2/repository/org/springframework/spring-aop/5.0.9.RELEASE/spring-aop-5.0.9.RELEASE.jar:, java.specification.name=Java Platform API Specification, java.class.version=52.0, sun.management.compiler=HotSpot 64-Bit Tiered Compilers, os.version=4.15.0-39-generic, user.home=/root, user.timezone=Europe/Madrid, java.awt.printerjob=sun.print.PSPrinterJob, file.encoding=UTF-8, java.specification.version=1.8, java.class.path=/home/fbertos/workspace/spring-cloud-users/target/test-classes:/home/fbertos/workspace/spring-cloud-users/target/classes:/root/.m2/repository/org/springframework/cloud/spring-cloud-starter-netflix-eureka-server/2.0.1.RELEASE/spring-cloud-starter-netflix-eureka-server-2.0.1.RELEASE.jar:/root/.m2/repository/org/springframework/cloud/spring-cloud-starter/2.0.1.RELEASE/spring-cloud-starter-2.0.1.RELEASE.jar:/root/.m2/repository/org/springframework/cloud/spring-cloud-context/2.0.1.RELEASE/spring-cloud-context-2.0.1.RELEASE.jar:/root/.m2/repository/org/springframework/security/spring-security-crypto/5.0.8.RELEASE/spring-security-crypto-5.0.8.RELEASE.jar:/root/.m2/repository/org/springframework/cloud/spring-cloud-commons/2.0.1.RELEASE/spring-cloud-commons-2.0.1.RELEASE.jar:/root/.m2/repository/org/springframework/security/spring-security-rsa/1.0.5.RELEASE/spring-security-rsa-1.0.5.RELEASE.jar:/root/.m2/repository/org/bouncycastle/bcpkix-jdk15on/1.56/bcpkix-jdk15on-1.56.jar:/root/.m2/repository/org/bouncycastle/bcprov-jdk15on/1.56/bcprov-jdk15on-1.56.jar:/root/.m2/repository/org/springframework/cloud/spring-cloud-netflix-eureka-server/2.0.1.RELEASE/spring-cloud-netflix-eureka-server-2.0.1.RELEASE.jar:/root/.m2/repository/org/springframework/boot/spring-boot-starter-web/2.0.5.RELEASE/spring-boot-starter-web-2.0.5.RELEASE.jar:/root/.m2/repository/org/springframework/boot/spring-boot-starter-json/2.0.5.RELEASE/spring-boot-starter-json-2.0.5.RELEASE.jar:/root/.m2/repository/com/fasterxml/jackson/datatype/jackson-datatype-jdk8/2.9.6/jackson-datatype-jdk8-2.9.6.jar:/root/.m2/repository/com/fasterxml/jackson/datatype/jackson-datatype-jsr310/2.9.6/jackson-datatype-jsr310-2.9.6.jar:/root/.m2/repository/com/fasterxml/jackson/module/jackson-module-parameter-names/2.9.6/jackson-module-parameter-names-2.9.6.jar:/root/.m2/repository/org/springframework/boot/spring-boot-starter-tomcat/2.0.5.RELEASE/spring-boot-starter-tomcat-2.0.5.RELEASE.jar:/root/.m2/repository/org/apache/tomcat/embed/tomcat-embed-core/8.5.34/tomcat-embed-core-8.5.34.jar:/root/.m2/repository/org/apache/tomcat/embed/tomcat-embed-el/8.5.34/tomcat-embed-el-8.5.34.jar:/root/.m2/repository/org/apache/tomcat/embed/tomcat-embed-websocket/8.5.34/tomcat-embed-websocket-8.5.34.jar:/root/.m2/repository/org/hibernate/validator/hibernate-validator/6.0.12.Final/hibernate-validator-6.0.12.Final.jar:/root/.m2/repository/javax/validation/validation-api/2.0.1.Final/validation-api-2.0.1.Final.jar:/root/.m2/repository/org/jboss/logging/jboss-logging/3.3.2.Final/jboss-logging-3.3.2.Final.jar:/root/.m2/repository/com/fasterxml/classmate/1.3.4/classmate-1.3.4.jar:/root/.m2/repository/org/springframework/boot/spring-boot-starter-actuator/2.0.5.RELEASE/spring-boot-starter-actuator-2.0.5.RELEASE.jar:/root/.m2/repository/org/springframework/boot/spring-boot-actuator-autoconfigure/2.0.5.RELEASE/spring-boot-actuator-autoconfigure-2.0.5.RELEASE.jar:/root/.m2/repository/org/springframework/boot/spring-boot-actuator/2.0.5.RELEASE/spring-boot-actuator-2.0.5.RELEASE.jar:/root/.m2/repository/io/micrometer/micrometer-core/1.0.6/micrometer-core-1.0.6.jar:/root/.m2/repository/org/hdrhistogram/HdrHistogram/2.1.10/HdrHistogram-2.1.10.jar:/root/.m2/repository/org/latencyutils/LatencyUtils/2.0.3/LatencyUtils-2.0.3.jar:/root/.m2/repository/org/springframework/boot/spring-boot-starter-freemarker/2.0.5.RELEASE/spring-boot-starter-freemarker-2.0.5.RELEASE.jar:/root/.m2/repository/org/freemarker/freemarker/2.3.28/freemarker-2.3.28.jar:/root/.m2/repository/org/springframework/spring-context-support/5.0.9.RELEASE/spring-context-support-5.0.9.RELEASE.jar:/root/.m2/repository/org/springframework/cloud/spring-cloud-netflix-core/2.0.1.RELEASE/spring-cloud-netflix-core-2.0.1.RELEASE.jar:/root/.m2/repository/org/springframework/boot/spring-boot-starter-aop/2.0.5.RELEASE/spring-boot-starter-aop-2.0.5.RELEASE.jar:/root/.m2/repository/org/aspectj/aspectjweaver/1.8.13/aspectjweaver-1.8.13.jar:/root/.m2/repository/org/springframework/cloud/spring-cloud-netflix-eureka-client/2.0.1.RELEASE/spring-cloud-netflix-eureka-client-2.0.1.RELEASE.jar:/root/.m2/repository/com/netflix/eureka/eureka-client/1.9.3/eureka-client-1.9.3.jar:/root/.m2/repository/org/codehaus/jettison/jettison/1.3.7/jettison-1.3.7.jar:/root/.m2/repository/stax/stax-api/1.0.1/stax-api-1.0.1.jar:/root/.m2/repository/com/netflix/netflix-commons/netflix-eventbus/0.3.0/netflix-eventbus-0.3.0.jar:/root/.m2/repository/com/netflix/netflix-commons/netflix-infix/0.3.0/netflix-infix-0.3.0.jar:/root/.m2/repository/commons-jxpath/commons-jxpath/1.3/commons-jxpath-1.3.jar:/root/.m2/repository/joda-time/joda-time/2.9.9/joda-time-2.9.9.jar:/root/.m2/repository/org/antlr/antlr-runtime/3.4/antlr-runtime-3.4.jar:/root/.m2/repository/org/antlr/stringtemplate/3.2.1/stringtemplate-3.2.1.jar:/root/.m2/repository/antlr/antlr/2.7.7/antlr-2.7.7.jar:/root/.m2/repository/com/google/code/gson/gson/2.8.5/gson-2.8.5.jar:/root/.m2/repository/org/apache/commons/commons-math/2.2/commons-math-2.2.jar:/root/.m2/repository/javax/ws/rs/jsr311-api/1.1.1/jsr311-api-1.1.1.jar:/root/.m2/repository/com/netflix/servo/servo-core/0.12.21/servo-core-0.12.21.jar:/root/.m2/repository/com/sun/jersey/jersey-core/1.19.1/jersey-core-1.19.1.jar:/root/.m2/repository/com/sun/jersey/jersey-client/1.19.1/jersey-client-1.19.1.jar:/root/.m2/repository/com/sun/jersey/contribs/jersey-apache-client4/1.19.1/jersey-apache-client4-1.19.1.jar:/root/.m2/repository/org/apache/httpcomponents/httpclient/4.5.6/httpclient-4.5.6.jar:/root/.m2/repository/org/apache/httpcomponents/httpcore/4.4.10/httpcore-4.4.10.jar:/root/.m2/repository/commons-codec/commons-codec/1.11/commons-codec-1.11.jar:/root/.m2/repository/com/google/inject/guice/4.1.0/guice-4.1.0.jar:/root/.m2/repository/aopalliance/aopalliance/1.0/aopalliance-1.0.jar:/root/.m2/repository/com/github/vlsi/compactmap/compactmap/1.2.1/compactmap-1.2.1.jar:/root/.m2/repository/com/github/andrewoma/dexx/dexx-collections/0.2/dexx-collections-0.2.jar:/root/.m2/repository/com/fasterxml/jackson/core/jackson-annotations/2.9.0/jackson-annotations-2.9.0.jar:/root/.m2/repository/com/fasterxml/jackson/core/jackson-core/2.9.6/jackson-core-2.9.6.jar:/root/.m2/repository/com/sun/jersey/jersey-servlet/1.19.1/jersey-servlet-1.19.1.jar:/root/.m2/repository/com/sun/jersey/jersey-server/1.19.1/jersey-server-1.19.1.jar:/root/.m2/repository/com/netflix/eureka/eureka-core/1.9.3/eureka-core-1.9.3.jar:/root/.m2/repository/org/codehaus/woodstox/woodstox-core-asl/4.4.1/woodstox-core-asl-4.4.1.jar:/root/.m2/repository/javax/xml/stream/stax-api/1.0-2/stax-api-1.0-2.jar:/root/.m2/repository/com/netflix/archaius/archaius-core/0.7.6/archaius-core-0.7.6.jar:/root/.m2/repository/com/google/code/findbugs/jsr305/3.0.1/jsr305-3.0.1.jar:/root/.m2/repository/com/google/guava/guava/16.0/guava-16.0.jar:/root/.m2/repository/javax/inject/javax.inject/1/javax.inject-1.jar:/root/.m2/repository/com/fasterxml/jackson/dataformat/jackson-dataformat-xml/2.9.6/jackson-dataformat-xml-2.9.6.jar:/root/.m2/repository/com/fasterxml/jackson/module/jackson-module-jaxb-annotations/2.9.6/jackson-module-jaxb-annotations-2.9.6.jar:/root/.m2/repository/org/codehaus/woodstox/stax2-api/3.1.4/stax2-api-3.1.4.jar:/root/.m2/repository/com/fasterxml/woodstox/woodstox-core/5.0.3/woodstox-core-5.0.3.jar:/root/.m2/repository/com/thoughtworks/xstream/xstream/1.4.10/xstream-1.4.10.jar:/root/.m2/repository/xmlpull/xmlpull/1.1.3.1/xmlpull-1.1.3.1.jar:/root/.m2/repository/xpp3/xpp3_min/1.1.4c/xpp3_min-1.1.4c.jar:/root/.m2/repository/org/springframework/cloud/spring-cloud-starter-netflix-archaius/2.0.1.RELEASE/spring-cloud-starter-netflix-archaius-2.0.1.RELEASE.jar:/root/.m2/repository/org/springframework/cloud/spring-cloud-netflix-ribbon/2.0.1.RELEASE/spring-cloud-netflix-ribbon-2.0.1.RELEASE.jar:/root/.m2/repository/org/springframework/cloud/spring-cloud-netflix-archaius/2.0.1.RELEASE/spring-cloud-netflix-archaius-2.0.1.RELEASE.jar:/root/.m2/repository/commons-configuration/commons-configuration/1.8/commons-configuration-1.8.jar:/root/.m2/repository/commons-lang/commons-lang/2.6/commons-lang-2.6.jar:/root/.m2/repository/org/springframework/cloud/spring-cloud-starter-netflix-ribbon/2.0.1.RELEASE/spring-cloud-starter-netflix-ribbon-2.0.1.RELEASE.jar:/root/.m2/repository/com/netflix/ribbon/ribbon/2.2.5/ribbon-2.2.5.jar:/root/.m2/repository/com/netflix/ribbon/ribbon-transport/2.2.5/ribbon-transport-2.2.5.jar:/root/.m2/repository/io/reactivex/rxnetty-contexts/0.4.9/rxnetty-contexts-0.4.9.jar:/root/.m2/repository/io/reactivex/rxnetty-servo/0.4.9/rxnetty-servo-0.4.9.jar:/root/.m2/repository/com/netflix/hystrix/hystrix-core/1.5.12/hystrix-core-1.5.12.jar:/root/.m2/repository/io/reactivex/rxnetty/0.4.9/rxnetty-0.4.9.jar:/root/.m2/repository/io/netty/netty-codec-http/4.1.29.Final/netty-codec-http-4.1.29.Final.jar:/root/.m2/repository/io/netty/netty-codec/4.1.29.Final/netty-codec-4.1.29.Final.jar:/root/.m2/repository/io/netty/netty-transport-native-epoll/4.1.29.Final/netty-transport-native-epoll-4.1.29.Final.jar:/root/.m2/repository/io/netty/netty-common/4.1.29.Final/netty-common-4.1.29.Final.jar:/root/.m2/repository/io/netty/netty-buffer/4.1.29.Final/netty-buffer-4.1.29.Final.jar:/root/.m2/repository/io/netty/netty-transport-native-unix-common/4.1.29.Final/netty-transport-native-unix-common-4.1.29.Final.jar:/root/.m2/repository/io/netty/netty-transport/4.1.29.Final/netty-transport-4.1.29.Final.jar:/root/.m2/repository/io/netty/netty-resolver/4.1.29.Final/netty-resolver-4.1.29.Final.jar:/root/.m2/repository/com/netflix/ribbon/ribbon-core/2.2.5/ribbon-core-2.2.5.jar:/root/.m2/repository/com/netflix/ribbon/ribbon-httpclient/2.2.5/ribbon-httpclient-2.2.5.jar:/root/.m2/repository/commons-collections/commons-collections/3.2.2/commons-collections-3.2.2.jar:/root/.m2/repository/com/netflix/netflix-commons/netflix-commons-util/0.3.0/netflix-commons-util-0.3.0.jar:/root/.m2/repository/com/netflix/ribbon/ribbon-loadbalancer/2.2.5/ribbon-loadbalancer-2.2.5.jar:/root/.m2/repository/com/netflix/netflix-commons/netflix-statistics/0.1.1/netflix-statistics-0.1.1.jar:/root/.m2/repository/io/reactivex/rxjava/1.3.8/rxjava-1.3.8.jar:/root/.m2/repository/com/netflix/ribbon/ribbon-eureka/2.2.5/ribbon-eureka-2.2.5.jar:/root/.m2/repository/org/slf4j/slf4j-api/1.7.25/slf4j-api-1.7.25.jar:/root/.m2/repository/org/springframework/boot/spring-boot-starter-data-mongodb/2.0.5.RELEASE/spring-boot-starter-data-mongodb-2.0.5.RELEASE.jar:/root/.m2/repository/org/springframework/boot/spring-boot-starter/2.0.5.RELEASE/spring-boot-starter-2.0.5.RELEASE.jar:/root/.m2/repository/org/springframework/boot/spring-boot/2.0.5.RELEASE/spring-boot-2.0.5.RELEASE.jar:/root/.m2/repository/org/springframework/boot/spring-boot-autoconfigure/2.0.5.RELEASE/spring-boot-autoconfigure-2.0.5.RELEASE.jar:/root/.m2/repository/org/springframework/boot/spring-boot-starter-logging/2.0.5.RELEASE/spring-boot-starter-logging-2.0.5.RELEASE.jar:/root/.m2/repository/ch/qos/logback/logback-classic/1.2.3/logback-classic-1.2.3.jar:/root/.m2/repository/ch/qos/logback/logback-core/1.2.3/logback-core-1.2.3.jar:/root/.m2/repository/org/apache/logging/log4j/log4j-to-slf4j/2.10.0/log4j-to-slf4j-2.10.0.jar:/root/.m2/repository/org/apache/logging/log4j/log4j-api/2.10.0/log4j-api-2.10.0.jar:/root/.m2/repository/org/slf4j/jul-to-slf4j/1.7.25/jul-to-slf4j-1.7.25.jar:/root/.m2/repository/javax/annotation/javax.annotation-api/1.3.2/javax.annotation-api-1.3.2.jar:/root/.m2/repository/org/yaml/snakeyaml/1.19/snakeyaml-1.19.jar:/root/.m2/repository/org/mongodb/mongodb-driver/3.6.4/mongodb-driver-3.6.4.jar:/root/.m2/repository/org/mongodb/bson/3.6.4/bson-3.6.4.jar:/root/.m2/repository/org/mongodb/mongodb-driver-core/3.6.4/mongodb-driver-core-3.6.4.jar:/root/.m2/repository/org/springframework/data/spring-data-mongodb/2.0.10.RELEASE/spring-data-mongodb-2.0.10.RELEASE.jar:/root/.m2/repository/org/springframework/spring-tx/5.0.9.RELEASE/spring-tx-5.0.9.RELEASE.jar:/root/.m2/repository/org/springframework/spring-context/5.0.9.RELEASE/spring-context-5.0.9.RELEASE.jar:/root/.m2/repository/org/springframework/spring-beans/5.0.9.RELEASE/spring-beans-5.0.9.RELEASE.jar:/root/.m2/repository/org/springframework/spring-expression/5.0.9.RELEASE/spring-expression-5.0.9.RELEASE.jar:/root/.m2/repository/org/springframework/data/spring-data-commons/2.0.10.RELEASE/spring-data-commons-2.0.10.RELEASE.jar:/root/.m2/repository/junit/junit/4.12/junit-4.12.jar:/root/.m2/repository/org/hamcrest/hamcrest-core/1.3/hamcrest-core-1.3.jar:/root/.m2/repository/org/springframework/boot/spring-boot-starter-test/2.0.5.RELEASE/spring-boot-starter-test-2.0.5.RELEASE.jar:/root/.m2/repository/org/springframework/boot/spring-boot-test/2.0.5.RELEASE/spring-boot-test-2.0.5.RELEASE.jar:/root/.m2/repository/org/springframework/boot/spring-boot-test-autoconfigure/2.0.5.RELEASE/spring-boot-test-autoconfigure-2.0.5.RELEASE.jar:/root/.m2/repository/com/jayway/jsonpath/json-path/2.4.0/json-path-2.4.0.jar:/root/.m2/repository/net/minidev/json-smart/2.3/json-smart-2.3.jar:/root/.m2/repository/net/minidev/accessors-smart/1.2/accessors-smart-1.2.jar:/root/.m2/repository/org/ow2/asm/asm/5.0.4/asm-5.0.4.jar:/root/.m2/repository/org/assertj/assertj-core/3.9.1/assertj-core-3.9.1.jar:/root/.m2/repository/org/mockito/mockito-core/2.15.0/mockito-core-2.15.0.jar:/root/.m2/repository/net/bytebuddy/byte-buddy/1.7.11/byte-buddy-1.7.11.jar:/root/.m2/repository/net/bytebuddy/byte-buddy-agent/1.7.11/byte-buddy-agent-1.7.11.jar:/root/.m2/repository/org/objenesis/objenesis/2.6/objenesis-2.6.jar:/root/.m2/repository/org/hamcrest/hamcrest-library/1.3/hamcrest-library-1.3.jar:/root/.m2/repository/org/skyscreamer/jsonassert/1.5.0/jsonassert-1.5.0.jar:/root/.m2/repository/com/vaadin/external/google/android-json/0.0.20131108.vaadin1/android-json-0.0.20131108.vaadin1.jar:/root/.m2/repository/org/springframework/spring-core/5.0.9.RELEASE/spring-core-5.0.9.RELEASE.jar:/root/.m2/repository/org/springframework/spring-jcl/5.0.9.RELEASE/spring-jcl-5.0.9.RELEASE.jar:/root/.m2/repository/org/springframework/spring-test/5.0.9.RELEASE/spring-test-5.0.9.RELEASE.jar:/root/.m2/repository/org/xmlunit/xmlunit-core/2.5.1/xmlunit-core-2.5.1.jar:/root/.m2/repository/org/springframework/restdocs/spring-restdocs-mockmvc/2.0.2.RELEASE/spring-restdocs-mockmvc-2.0.2.RELEASE.jar:/root/.m2/repository/javax/servlet/javax.servlet-api/3.1.0/javax.servlet-api-3.1.0.jar:/root/.m2/repository/org/springframework/restdocs/spring-restdocs-core/2.0.2.RELEASE/spring-restdocs-core-2.0.2.RELEASE.jar:/root/.m2/repository/com/fasterxml/jackson/core/jackson-databind/2.9.6/jackson-databind-2.9.6.jar:/root/.m2/repository/org/springframework/spring-web/5.0.9.RELEASE/spring-web-5.0.9.RELEASE.jar:/root/.m2/repository/org/springframework/spring-webmvc/5.0.9.RELEASE/spring-webmvc-5.0.9.RELEASE.jar:/root/.m2/repository/org/springframework/spring-aop/5.0.9.RELEASE/spring-aop-5.0.9.RELEASE.jar:, user.name=root, java.vm.specification.version=1.8, sun.java.command=/home/fbertos/workspace/spring-cloud-users/target/surefire/surefirebooter1668550838135236817.jar /home/fbertos/workspace/spring-cloud-users/target/surefire 2018-11-16T22-33-27_380-jvmRun1 surefire7806052159740853651tmp surefire_04433681893974538146tmp, java.home=/usr/lib/jvm/java-8-oracle/jre, sun.arch.data.model=64, user.language=es, java.specification.vendor=Oracle Corporation, awt.toolkit=sun.awt.X11.XToolkit, java.vm.info=mixed mode, java.version=1.8.0_191, java.ext.dirs=/usr/lib/jvm/java-8-oracle/jre/lib/ext:/usr/java/packages/lib/ext, sun.boot.class.path=/usr/lib/jvm/java-8-oracle/jre/lib/resources.jar:/usr/lib/jvm/java-8-oracle/jre/lib/rt.jar:/usr/lib/jvm/java-8-oracle/jre/lib/sunrsasign.jar:/usr/lib/jvm/java-8-oracle/jre/lib/jsse.jar:/usr/lib/jvm/java-8-oracle/jre/lib/jce.jar:/usr/lib/jvm/java-8-oracle/jre/lib/charsets.jar:/usr/lib/jvm/java-8-oracle/jre/lib/jfr.jar:/usr/lib/jvm/java-8-oracle/jre/classes, java.vendor=Oracle Corporation, localRepository=/root/.m2/repository, file.separator=/, java.vendor.url.bug=http://bugreport.sun.com/bugreport/, sun.io.unicode.encoding=UnicodeLittle, sun.cpu.endian=little, sun.cpu.isalist=}}, SystemEnvironmentPropertySource@257608605 {name='systemEnvironment', properties={PATH=/usr/local/sbin:/usr/local/bin:/usr/sbin:/usr/bin:/sbin:/bin:/snap/bin:/usr/lib/jvm/java-8-oracle/bin:/usr/lib/jvm/java-8-oracle/db/bin:/usr/lib/jvm/java-8-oracle/jre/bin, XAUTHORITY=/run/user/1000/gdm/Xauthority, LESSCLOSE=/usr/bin/lesspipe %s %s, XDG_DATA_DIRS=/usr/local/share:/usr/share:/var/lib/snapd/desktop, JAVA_HOME=/usr/lib/jvm/java-8-oracle, TERM=xterm-256color, LANG=es_ES.UTF-8, DBUS_SESSION_BUS_ADDRESS=unix:path=/run/user/0/bus, XDG_SESSION_ID=3, DISPLAY=:0, MAIL=/var/mail/root, COLORTERM=truecolor, LOGNAME=root, PWD=/home/fbertos/workspace/spring-cloud-users, DERBY_HOME=/usr/lib/jvm/java-8-oracle/db, MAVEN_CMD_LINE_ARGS= clean test, _=/usr/bin/mvn, SHELL=/bin/bash, LESSOPEN=| /usr/bin/lesspipe %s, J2SDKDIR=/usr/lib/jvm/java-8-oracle, MAVEN_PROJECTBASEDIR=/home/fbertos/workspace/spring-cloud-users, OLDPWD=/home/fbertos/workspace/spring-cloud-users, USER=root, J2REDIR=/usr/lib/jvm/java-8-oracle/jre, LS_COLORS=rs=0:di=01;34:ln=01;36:mh=00:pi=40;33:so=01;35:do=01;35:bd=40;33;01:cd=40;33;01:or=40;31;01:mi=00:su=37;41:sg=30;43:ca=30;41:tw=30;42:ow=34;42:st=37;44:ex=01;32:*.tar=01;31:*.tgz=01;31:*.arc=01;31:*.arj=01;31:*.taz=01;31:*.lha=01;31:*.lz4=01;31:*.lzh=01;31:*.lzma=01;31:*.tlz=01;31:*.txz=01;31:*.tzo=01;31:*.t7z=01;31:*.zip=01;31:*.z=01;31:*.Z=01;31:*.dz=01;31:*.gz=01;31:*.lrz=01;31:*.lz=01;31:*.lzo=01;31:*.xz=01;31:*.zst=01;31:*.tzst=01;31:*.bz2=01;31:*.bz=01;31:*.tbz=01;31:*.tbz2=01;31:*.tz=01;31:*.deb=01;31:*.rpm=01;31:*.jar=01;31:*.war=01;31:*.ear=01;31:*.sar=01;31:*.rar=01;31:*.alz=01;31:*.ace=01;31:*.zoo=01;31:*.cpio=01;31:*.7z=01;31:*.rz=01;31:*.cab=01;31:*.wim=01;31:*.swm=01;31:*.dwm=01;31:*.esd=01;31:*.jpg=01;35:*.jpeg=01;35:*.mjpg=01;35:*.mjpeg=01;35:*.gif=01;35:*.bmp=01;35:*.pbm=01;35:*.pgm=01;35:*.ppm=01;35:*.tga=01;35:*.xbm=01;35:*.xpm=01;35:*.tif=01;35:*.tiff=01;35:*.png=01;35:*.svg=01;35:*.svgz=01;35:*.mng=01;35:*.pcx=01;35:*.mov=01;35:*.mpg=01;35:*.mpeg=01;35:*.m2v=01;35:*.mkv=01;35:*.webm=01;35:*.ogm=01;35:*.mp4=01;35:*.m4v=01;35:*.mp4v=01;35:*.vob=01;35:*.qt=01;35:*.nuv=01;35:*.wmv=01;35:*.asf=01;35:*.rm=01;35:*.rmvb=01;35:*.flc=01;35:*.avi=01;35:*.fli=01;35:*.flv=01;35:*.gl=01;35:*.dl=01;35:*.xcf=01;35:*.xwd=01;35:*.yuv=01;35:*.cgm=01;35:*.emf=01;35:*.ogv=01;35:*.ogx=01;35:*.aac=00;36:*.au=00;36:*.flac=00;36:*.m4a=00;36:*.mid=00;36:*.midi=00;36:*.mka=00;36:*.mp3=00;36:*.mpc=00;36:*.ogg=00;36:*.ra=00;36:*.wav=00;36:*.oga=00;36:*.opus=00;36:*.spx=00;36:*.xspf=00;36:, XDG_RUNTIME_DIR=/run/user/0, HOME=/root, SHLVL=1}}]
22:33:29.510 [main] DEBUG org.springframework.test.context.support.TestPropertySourceUtils - Adding inlined properties to environment: {spring.jmx.enabled=false, org.springframework.boot.test.context.SpringBootTestContextBootstrapper=true, server.port=-1}
22:33:29.510 [main] DEBUG org.springframework.core.env.StandardEnvironment - Adding PropertySource 'Inlined Test Properties' with highest search precedence
2018-11-16 22:33:30.176  INFO 7118 --- [           main] s.c.a.AnnotationConfigApplicationContext : Refreshing org.springframework.context.annotation.AnnotationConfigApplicationContext@51c693d: startup date [Fri Nov 16 22:33:30 CET 2018]; root of context hierarchy
2018-11-16 22:33:30.616  INFO 7118 --- [           main] f.a.AutowiredAnnotationBeanPostProcessor : JSR-330 'javax.inject.Inject' annotation found and supported for autowiring
2018-11-16 22:33:30.662  INFO 7118 --- [           main] trationDelegate$BeanPostProcessorChecker : Bean 'configurationPropertiesRebinderAutoConfiguration' of type [org.springframework.cloud.autoconfigure.ConfigurationPropertiesRebinderAutoConfiguration$$EnhancerBySpringCGLIB$$47af2dbf] is not eligible for getting processed by all BeanPostProcessors (for example: not eligible for auto-proxying)

  .   ____          _            __ _ _
 /\\ / ___'_ __ _ _(_)_ __  __ _ \ \ \ \
( ( )\___ | '_ | '_| | '_ \/ _` | \ \ \ \
 \\/  ___)| |_)| | | | | || (_| |  ) ) ) )
  '  |____| .__|_| |_|_| |_\__, | / / / /
 =========|_|==============|___/=/_/_/_/
 :: Spring Boot ::        (v2.0.5.RELEASE)

2018-11-16 22:33:31.060  INFO 7118 --- [           main] o.f.services.users.UserServiceTest       : No active profile set, falling back to default profiles: default
2018-11-16 22:33:31.068  INFO 7118 --- [           main] o.s.w.c.s.GenericWebApplicationContext   : Refreshing org.springframework.web.context.support.GenericWebApplicationContext@62e6b5c8: startup date [Fri Nov 16 22:33:31 CET 2018]; parent: org.springframework.context.annotation.AnnotationConfigApplicationContext@51c693d
2018-11-16 22:33:32.778  INFO 7118 --- [           main] o.s.cloud.context.scope.GenericScope     : BeanFactory id=2580e561-7f6d-3fa0-9fbe-8b6072534b30
2018-11-16 22:33:33.424  INFO 7118 --- [           main] f.a.AutowiredAnnotationBeanPostProcessor : JSR-330 'javax.inject.Inject' annotation found and supported for autowiring
2018-11-16 22:33:33.578  INFO 7118 --- [           main] trationDelegate$BeanPostProcessorChecker : Bean 'org.springframework.cloud.autoconfigure.ConfigurationPropertiesRebinderAutoConfiguration' of type [org.springframework.cloud.autoconfigure.ConfigurationPropertiesRebinderAutoConfiguration$$EnhancerBySpringCGLIB$$47af2dbf] is not eligible for getting processed by all BeanPostProcessors (for example: not eligible for auto-proxying)
2018-11-16 22:33:33.936  WARN 7118 --- [           main] c.n.c.sources.URLConfigurationSource     : No URLs will be polled as dynamic configuration sources.
2018-11-16 22:33:33.936  INFO 7118 --- [           main] c.n.c.sources.URLConfigurationSource     : To enable URLs as dynamic configuration sources, define System property archaius.configurationSource.additionalUrls or make config.properties available on classpath.
2018-11-16 22:33:33.951  WARN 7118 --- [           main] c.n.c.sources.URLConfigurationSource     : No URLs will be polled as dynamic configuration sources.
2018-11-16 22:33:33.951  INFO 7118 --- [           main] c.n.c.sources.URLConfigurationSource     : To enable URLs as dynamic configuration sources, define System property archaius.configurationSource.additionalUrls or make config.properties available on classpath.
2018-11-16 22:33:34.087  INFO 7118 --- [           main] o.s.w.s.handler.SimpleUrlHandlerMapping  : Mapped URL path [/**/favicon.ico] onto handler of type [class org.springframework.web.servlet.resource.ResourceHttpRequestHandler]
2018-11-16 22:33:35.061  INFO 7118 --- [           main] org.mongodb.driver.cluster               : Cluster created with settings {hosts=[127.0.0.1:27017], mode=MULTIPLE, requiredClusterType=UNKNOWN, serverSelectionTimeout='30000 ms', maxWaitQueueSize=500}
2018-11-16 22:33:35.061  INFO 7118 --- [           main] org.mongodb.driver.cluster               : Adding discovered server 127.0.0.1:27017 to client view of cluster
2018-11-16 22:33:35.142  INFO 7118 --- [127.0.0.1:27017] org.mongodb.driver.cluster               : Exception in monitor thread while connecting to server 127.0.0.1:27017

com.mongodb.MongoSocketOpenException: Exception opening socket
	at com.mongodb.connection.SocketStream.open(SocketStream.java:62) ~[mongodb-driver-core-3.6.4.jar:na]
	at com.mongodb.connection.InternalStreamConnection.open(InternalStreamConnection.java:126) ~[mongodb-driver-core-3.6.4.jar:na]
	at com.mongodb.connection.DefaultServerMonitor$ServerMonitorRunnable.run(DefaultServerMonitor.java:114) ~[mongodb-driver-core-3.6.4.jar:na]
	at java.lang.Thread.run(Thread.java:748) [na:1.8.0_191]
Caused by: java.net.ConnectException: Conexión rehusada (Connection refused)
	at java.net.PlainSocketImpl.socketConnect(Native Method) ~[na:1.8.0_191]
	at java.net.AbstractPlainSocketImpl.doConnect(AbstractPlainSocketImpl.java:350) ~[na:1.8.0_191]
	at java.net.AbstractPlainSocketImpl.connectToAddress(AbstractPlainSocketImpl.java:206) ~[na:1.8.0_191]
	at java.net.AbstractPlainSocketImpl.connect(AbstractPlainSocketImpl.java:188) ~[na:1.8.0_191]
	at java.net.SocksSocketImpl.connect(SocksSocketImpl.java:392) ~[na:1.8.0_191]
	at java.net.Socket.connect(Socket.java:589) ~[na:1.8.0_191]
	at com.mongodb.connection.SocketStreamHelper.initialize(SocketStreamHelper.java:59) ~[mongodb-driver-core-3.6.4.jar:na]
	at com.mongodb.connection.SocketStream.open(SocketStream.java:57) ~[mongodb-driver-core-3.6.4.jar:na]
	... 3 common frames omitted

2018-11-16 22:33:35.473  INFO 7118 --- [           main] s.w.s.m.m.a.RequestMappingHandlerAdapter : Looking for @ControllerAdvice: org.springframework.web.context.support.GenericWebApplicationContext@62e6b5c8: startup date [Fri Nov 16 22:33:31 CET 2018]; parent: org.springframework.context.annotation.AnnotationConfigApplicationContext@51c693d
2018-11-16 22:33:35.576  INFO 7118 --- [           main] s.w.s.m.m.a.RequestMappingHandlerMapping : Mapped "{[/create]}" onto public org.fbertos.services.users.User org.fbertos.services.users.UserService.createUser(java.lang.String,org.fbertos.services.users.User)
2018-11-16 22:33:35.578  INFO 7118 --- [           main] s.w.s.m.m.a.RequestMappingHandlerMapping : Mapped "{[/read]}" onto public org.fbertos.services.users.User org.fbertos.services.users.UserService.getUser(java.lang.String)
2018-11-16 22:33:35.578  INFO 7118 --- [           main] s.w.s.m.m.a.RequestMappingHandlerMapping : Mapped "{[/file]}" onto public org.fbertos.services.users.User org.fbertos.services.users.UserService.createUserWithFile(java.lang.String,org.fbertos.services.users.User,org.springframework.web.multipart.MultipartFile)
2018-11-16 22:33:35.582  INFO 7118 --- [           main] s.w.s.m.m.a.RequestMappingHandlerMapping : Mapped "{[/error],produces=[text/html]}" onto public org.springframework.web.servlet.ModelAndView org.springframework.boot.autoconfigure.web.servlet.error.BasicErrorController.errorHtml(javax.servlet.http.HttpServletRequest,javax.servlet.http.HttpServletResponse)
2018-11-16 22:33:35.582  INFO 7118 --- [           main] s.w.s.m.m.a.RequestMappingHandlerMapping : Mapped "{[/error]}" onto public org.springframework.http.ResponseEntity<java.util.Map<java.lang.String, java.lang.Object>> org.springframework.boot.autoconfigure.web.servlet.error.BasicErrorController.error(javax.servlet.http.HttpServletRequest)
2018-11-16 22:33:35.625  INFO 7118 --- [           main] o.s.w.s.handler.SimpleUrlHandlerMapping  : Mapped URL path [/webjars/**] onto handler of type [class org.springframework.web.servlet.resource.ResourceHttpRequestHandler]
2018-11-16 22:33:35.625  INFO 7118 --- [           main] o.s.w.s.handler.SimpleUrlHandlerMapping  : Mapped URL path [/**] onto handler of type [class org.springframework.web.servlet.resource.ResourceHttpRequestHandler]
2018-11-16 22:33:36.897  INFO 7118 --- [           main] o.s.ui.freemarker.SpringTemplateLoader   : SpringTemplateLoader for FreeMarker: using resource loader [org.springframework.web.context.support.GenericWebApplicationContext@62e6b5c8: startup date [Fri Nov 16 22:33:31 CET 2018]; parent: org.springframework.context.annotation.AnnotationConfigApplicationContext@51c693d] and template loader path [classpath:/templates/]
2018-11-16 22:33:36.898  INFO 7118 --- [           main] o.s.w.s.v.f.FreeMarkerConfigurer         : ClassTemplateLoader for Spring macros added to FreeMarker configuration
2018-11-16 22:33:37.139  INFO 7118 --- [           main] o.s.b.a.e.web.EndpointLinksResolver      : Exposing 2 endpoint(s) beneath base path '/actuator'
2018-11-16 22:33:37.150  INFO 7118 --- [           main] s.b.a.e.w.s.WebMvcEndpointHandlerMapping : Mapped "{[/actuator/health],methods=[GET],produces=[application/vnd.spring-boot.actuator.v2+json || application/json]}" onto public java.lang.Object org.springframework.boot.actuate.endpoint.web.servlet.AbstractWebMvcEndpointHandlerMapping$OperationHandler.handle(javax.servlet.http.HttpServletRequest,java.util.Map<java.lang.String, java.lang.String>)
2018-11-16 22:33:37.151  INFO 7118 --- [           main] s.b.a.e.w.s.WebMvcEndpointHandlerMapping : Mapped "{[/actuator/info],methods=[GET],produces=[application/vnd.spring-boot.actuator.v2+json || application/json]}" onto public java.lang.Object org.springframework.boot.actuate.endpoint.web.servlet.AbstractWebMvcEndpointHandlerMapping$OperationHandler.handle(javax.servlet.http.HttpServletRequest,java.util.Map<java.lang.String, java.lang.String>)
2018-11-16 22:33:37.152  INFO 7118 --- [           main] s.b.a.e.w.s.WebMvcEndpointHandlerMapping : Mapped "{[/actuator],methods=[GET],produces=[application/vnd.spring-boot.actuator.v2+json || application/json]}" onto protected java.util.Map<java.lang.String, java.util.Map<java.lang.String, org.springframework.boot.actuate.endpoint.web.Link>> org.springframework.boot.actuate.endpoint.web.servlet.WebMvcEndpointHandlerMapping.links(javax.servlet.http.HttpServletRequest,javax.servlet.http.HttpServletResponse)
2018-11-16 22:33:37.225  INFO 7118 --- [           main] o.s.c.support.DefaultLifecycleProcessor  : Starting beans in phase 0
2018-11-16 22:33:37.259  INFO 7118 --- [           main] o.f.services.users.UserServiceTest       : Started UserServiceTest in 7.732 seconds (JVM running for 9.564)
2018-11-16 22:33:37.342  INFO 7118 --- [           main] o.s.b.t.m.w.SpringBootMockServletContext : Initializing Spring FrameworkServlet ''
2018-11-16 22:33:37.342  INFO 7118 --- [           main] o.s.t.web.servlet.TestDispatcherServlet  : FrameworkServlet '': initialization started
2018-11-16 22:33:37.358  INFO 7118 --- [           main] o.s.t.web.servlet.TestDispatcherServlet  : FrameworkServlet '': initialization completed in 16 ms
]]></system-out>
  </testcase>
  <testcase name="testFile" classname="org.fbertos.services.users.UserServiceTest" time="0.064">
    <error message="The following parts of the payload were not documented:&#10;{&#10;  &quot;id&quot; : &quot;000000000000000000000000&quot;&#10;}&#10;Fields with the following paths were not found in the payload: [_id]" type="org.springframework.restdocs.snippet.SnippetException">org.springframework.restdocs.snippet.SnippetException: 
The following parts of the payload were not documented:
{
  "id" : "000000000000000000000000"
}
Fields with the following paths were not found in the payload: [_id]
	at org.fbertos.services.users.UserServiceTest.testFile(UserServiceTest.java:98)
</error>
    <system-out><![CDATA[2018-11-16 22:33:37.589  INFO 7118 --- [           main] o.s.b.t.m.w.SpringBootMockServletContext : Initializing Spring FrameworkServlet ''
2018-11-16 22:33:37.590  INFO 7118 --- [           main] o.s.t.web.servlet.TestDispatcherServlet  : FrameworkServlet '': initialization started
2018-11-16 22:33:37.595  INFO 7118 --- [           main] o.s.t.web.servlet.TestDispatcherServlet  : FrameworkServlet '': initialization completed in 5 ms
]]></system-out>
  </testcase>
  <testcase name="testCreate" classname="org.fbertos.services.users.UserServiceTest" time="0.022">
    <error message="The following parts of the payload were not documented:&#10;{&#10;  &quot;id&quot; : &quot;000000000000000000000000&quot;&#10;}&#10;Fields with the following paths were not found in the payload: [_id]" type="org.springframework.restdocs.snippet.SnippetException">org.springframework.restdocs.snippet.SnippetException: 
The following parts of the payload were not documented:
{
  "id" : "000000000000000000000000"
}
Fields with the following paths were not found in the payload: [_id]
	at org.fbertos.services.users.UserServiceTest.testCreate(UserServiceTest.java:76)
</error>
    <system-out><![CDATA[2018-11-16 22:33:37.655  INFO 7118 --- [           main] o.s.b.t.m.w.SpringBootMockServletContext : Initializing Spring FrameworkServlet ''
2018-11-16 22:33:37.655  INFO 7118 --- [           main] o.s.t.web.servlet.TestDispatcherServlet  : FrameworkServlet '': initialization started
2018-11-16 22:33:37.660  INFO 7118 --- [           main] o.s.t.web.servlet.TestDispatcherServlet  : FrameworkServlet '': initialization completed in 4 ms
]]></system-out>
  </testcase>
</testsuite>